[05Dec2024 07:20:48.137] [main/INFO] [Arclight/]: 

       ___           ___     __   /\
      /   | ________/ (_)__ / /  / /
     / /| |/ __/ __/ / / _ / _ \/__/
    / ___ / / / /_/ / / / / // / /
   /_/  |/_/  \__/_/_/\_ /_//_/ /
                     /__/     \/

    运行版本 顿顽 / arclight-1.20.1-1.0.5-1a8925b
    构建日期 2024-02-28 14:51:40

[05Dec2024 07:20:48.187] [main/INFO] [cpw.mods.modlauncher.Launcher/MODLAUNCHER]: ModLauncher running: args [--launchTarget, arclightserver, --fml.forgeVersion, 47.2.20, --fml.mcVersion, 1.20.1, --fml.forgeGroup, net.minecraftforge, --fml.mcpVersion, 20230612.114412, nogui]
[05Dec2024 07:20:48.188] [main/INFO] [cpw.mods.modlauncher.Launcher/MODLAUNCHER]: ModLauncher 10.0.9+10.0.9+main.dcd20f30 starting: java version 17.0.13 by Ubuntu; OS Linux arch amd64 version 6.5.0-1025-azure
[05Dec2024 07:20:48.213] [main/DEBUG] [cpw.mods.modlauncher.LaunchServiceHandler/MODLAUNCHER]: Found launch services [fmlclientdev,forgeclient,arclightserver,minecraft,forgegametestserverdev,fmlserveruserdev,fmlclient,fmldatauserdev,forgeserverdev,forgeserveruserdev,forgeclientdev,forgeclientuserdev,forgeserver,forgedatadev,fmlserver,fmlclientuserdev,fmlserverdev,forgedatauserdev,testharness,forgegametestserveruserdev]
[05Dec2024 07:20:48.223] [main/DEBUG] [cpw.mods.modlauncher.NameMappingServiceHandler/MODLAUNCHER]: Found naming services : [srgtomcp]
[05Dec2024 07:20:48.239] [main/DEBUG] [cpw.mods.modlauncher.LaunchPluginHandler/MODLAUNCHER]: Found launch plugins: [mixin,arclight_implementer,eventbus,slf4jfixer,object_holder_definalize,runtime_enum_extender,capability_token_subclass,accesstransformer,runtimedistcleaner]
[05Dec2024 07:20:48.251] [main/DEBUG] [cpw.mods.modlauncher.TransformationServicesHandler/MODLAUNCHER]: Discovering transformation services
[05Dec2024 07:20:48.255] [main/DEBUG] [net.minecraftforge.fml.loading.FMLPaths/CORE]: Path GAMEDIR is /workspaces/xdservernuevo/servidor_minecraft
[05Dec2024 07:20:48.255] [main/DEBUG] [net.minecraftforge.fml.loading.FMLPaths/CORE]: Path MODSDIR is /workspaces/xdservernuevo/servidor_minecraft/mods
[05Dec2024 07:20:48.255] [main/DEBUG] [net.minecraftforge.fml.loading.FMLPaths/CORE]: Path CONFIGDIR is /workspaces/xdservernuevo/servidor_minecraft/config
[05Dec2024 07:20:48.256] [main/DEBUG] [net.minecraftforge.fml.loading.FMLPaths/CORE]: Path FMLCONFIG is /workspaces/xdservernuevo/servidor_minecraft/config/fml.toml
[05Dec2024 07:20:50.859] [main/DEBUG] [cpw.mods.modlauncher.TransformationServicesHandler/MODLAUNCHER]: Found additional transformation services from discovery services: 
[05Dec2024 07:20:50.865] [main/INFO] [net.minecraftforge.fml.loading.ImmediateWindowHandler/]: ImmediateWindowProvider not loading because launch target is arclightserver
[05Dec2024 07:20:50.871] [main/DEBUG] [cpw.mods.modlauncher.TransformationServicesHandler/MODLAUNCHER]: Found transformer services : [mixin,fml]
[05Dec2024 07:20:50.871] [main/DEBUG] [cpw.mods.modlauncher.TransformationServicesHandler/MODLAUNCHER]: Transformation services loading
[05Dec2024 07:20:50.872] [main/DEBUG] [cpw.mods.modlauncher.TransformationServiceDecorator/MODLAUNCHER]: Loading service mixin
[05Dec2024 07:20:50.872] [main/DEBUG] [cpw.mods.modlauncher.TransformationServiceDecorator/MODLAUNCHER]: Loaded service mixin
[05Dec2024 07:20:50.872] [main/DEBUG] [cpw.mods.modlauncher.TransformationServiceDecorator/MODLAUNCHER]: Loading service fml
[05Dec2024 07:20:50.873] [main/DEBUG] [net.minecraftforge.fml.loading.LauncherVersion/CORE]: Found FMLLauncher version 1.0
[05Dec2024 07:20:50.873] [main/DEBUG] [net.minecraftforge.fml.loading.FMLLoader/CORE]: FML 1.0 loading
[05Dec2024 07:20:50.873] [main/DEBUG] [net.minecraftforge.fml.loading.FMLLoader/CORE]: FML found ModLauncher version : 10.0.9+10.0.9+main.dcd20f30
[05Dec2024 07:20:50.873] [main/DEBUG] [net.minecraftforge.fml.loading.FMLLoader/CORE]: FML found AccessTransformer version : 8.0.4+66+master.c09db6d7
[05Dec2024 07:20:50.873] [main/DEBUG] [net.minecraftforge.fml.loading.FMLLoader/CORE]: FML found EventBus version : 6.0.5+6.0.5+master.eb8e549b
[05Dec2024 07:20:50.874] [main/DEBUG] [net.minecraftforge.fml.loading.FMLLoader/CORE]: Found Runtime Dist Cleaner
[05Dec2024 07:20:50.875] [main/DEBUG] [net.minecraftforge.fml.loading.FMLLoader/CORE]: FML found CoreMod version : 5.0.1+15+master.dc5a2922
[05Dec2024 07:20:50.875] [main/DEBUG] [net.minecraftforge.fml.loading.FMLLoader/CORE]: Found ForgeSPI package implementation version 7.0.1+7.0.1+master.d2b38bf6
[05Dec2024 07:20:50.875] [main/DEBUG] [net.minecraftforge.fml.loading.FMLLoader/CORE]: Found ForgeSPI package specification 5
[05Dec2024 07:20:50.875] [main/DEBUG] [cpw.mods.modlauncher.TransformationServiceDecorator/MODLAUNCHER]: Loaded service fml
[05Dec2024 07:20:50.876] [main/DEBUG] [cpw.mods.modlauncher.TransformationServicesHandler/MODLAUNCHER]: Configuring option handling for services
[05Dec2024 07:20:50.882] [main/DEBUG] [cpw.mods.modlauncher.TransformationServicesHandler/MODLAUNCHER]: Transformation services initializing
[05Dec2024 07:20:50.882] [main/DEBUG] [cpw.mods.modlauncher.TransformationServiceDecorator/MODLAUNCHER]: Initializing transformation service mixin
[05Dec2024 07:20:50.896] [main/DEBUG] [mixin/]: MixinService [ModLauncher] was successfully booted in cpw.mods.cl.ModuleClassLoader@5223e5ee
[05Dec2024 07:20:50.930] [main/INFO] [mixin/]: SpongePowered MIXIN Subsystem Version=0.8.5 Source=union:/workspaces/xdservernuevo/servidor_minecraft/libraries/org/spongepowered/mixin/0.8.5/mixin-0.8.5.jar%2399!/ Service=ModLauncher Env=SERVER
[05Dec2024 07:20:50.932] [main/DEBUG] [mixin/]: Initialising Mixin Platform Manager
[05Dec2024 07:20:50.933] [main/DEBUG] [mixin/]: Adding mixin platform agents for container ModLauncher Root Container(ModLauncher:4f56a0a2)
[05Dec2024 07:20:50.933] [main/DEBUG] [mixin/]: Instancing new MixinPlatformAgentMinecraftForge for ModLauncher Root Container(ModLauncher:4f56a0a2)
[05Dec2024 07:20:50.933] [main/DEBUG] [mixin/]: MixinPlatformAgentMinecraftForge rejected container ModLauncher Root Container(ModLauncher:4f56a0a2)
[05Dec2024 07:20:50.934] [main/DEBUG] [mixin/]: Instancing new MixinPlatformAgentDefault for ModLauncher Root Container(ModLauncher:4f56a0a2)
[05Dec2024 07:20:50.934] [main/DEBUG] [mixin/]: MixinPlatformAgentDefault accepted container ModLauncher Root Container(ModLauncher:4f56a0a2)
[05Dec2024 07:20:50.935] [main/DEBUG] [cpw.mods.modlauncher.TransformationServiceDecorator/MODLAUNCHER]: Initialized transformation service mixin
[05Dec2024 07:20:50.935] [main/DEBUG] [cpw.mods.modlauncher.TransformationServiceDecorator/MODLAUNCHER]: Initializing transformation service fml
[05Dec2024 07:20:50.935] [main/DEBUG] [net.minecraftforge.fml.loading.FMLServiceProvider/CORE]: Setting up basic FML game directories
[05Dec2024 07:20:50.936] [main/DEBUG] [net.minecraftforge.fml.loading.FMLPaths/CORE]: Path GAMEDIR is /workspaces/xdservernuevo/servidor_minecraft
[05Dec2024 07:20:50.936] [main/DEBUG] [net.minecraftforge.fml.loading.FMLPaths/CORE]: Path MODSDIR is /workspaces/xdservernuevo/servidor_minecraft/mods
[05Dec2024 07:20:50.937] [main/DEBUG] [net.minecraftforge.fml.loading.FMLPaths/CORE]: Path CONFIGDIR is /workspaces/xdservernuevo/servidor_minecraft/config
[05Dec2024 07:20:50.937] [main/DEBUG] [net.minecraftforge.fml.loading.FMLPaths/CORE]: Path FMLCONFIG is /workspaces/xdservernuevo/servidor_minecraft/config/fml.toml
[05Dec2024 07:20:50.938] [main/DEBUG] [net.minecraftforge.fml.loading.FMLServiceProvider/CORE]: Loading configuration
[05Dec2024 07:20:50.940] [main/DEBUG] [net.minecraftforge.fml.loading.FMLServiceProvider/CORE]: Preparing ModFile
[05Dec2024 07:20:50.942] [main/DEBUG] [net.minecraftforge.fml.loading.FMLServiceProvider/CORE]: Preparing launch handler
[05Dec2024 07:20:50.943] [main/DEBUG] [net.minecraftforge.fml.loading.FMLLoader/CORE]: Using arclightserver as launch service
[05Dec2024 07:20:50.954] [main/DEBUG] [net.minecraftforge.fml.loading.FMLLoader/CORE]: Received command line version data  : VersionInfo[forgeVersion=47.2.20, mcVersion=1.20.1, mcpVersion=20230612.114412, forgeGroup=net.minecraftforge]
[05Dec2024 07:20:50.955] [main/DEBUG] [cpw.mods.modlauncher.TransformationServiceDecorator/MODLAUNCHER]: Initialized transformation service fml
[05Dec2024 07:20:50.955] [main/DEBUG] [cpw.mods.modlauncher.NameMappingServiceHandler/MODLAUNCHER]: Current naming domain is 'srg'
[05Dec2024 07:20:50.956] [main/DEBUG] [cpw.mods.modlauncher.NameMappingServiceHandler/MODLAUNCHER]: Identified name mapping providers {}
[05Dec2024 07:20:50.956] [main/DEBUG] [cpw.mods.modlauncher.TransformationServicesHandler/MODLAUNCHER]: Transformation services begin scanning
[05Dec2024 07:20:50.956] [main/DEBUG] [cpw.mods.modlauncher.TransformationServiceDecorator/MODLAUNCHER]: Beginning scan trigger - transformation service mixin
[05Dec2024 07:20:50.957] [main/DEBUG] [cpw.mods.modlauncher.TransformationServiceDecorator/MODLAUNCHER]: End scan trigger - transformation service mixin
[05Dec2024 07:20:50.957] [main/DEBUG] [cpw.mods.modlauncher.TransformationServiceDecorator/MODLAUNCHER]: Beginning scan trigger - transformation service fml
[05Dec2024 07:20:50.957] [main/DEBUG] [net.minecraftforge.fml.loading.FMLServiceProvider/CORE]: Initiating mod scan
[05Dec2024 07:20:50.991] [main/DEBUG] [net.minecraftforge.fml.loading.moddiscovery.ModFileParser/LOADING]: Considering mod file candidate /workspaces/xdservernuevo/servidor_minecraft/.arclight/mod_file/arclight-1.20.1-1.0.5-1a8925b.jar
[05Dec2024 07:20:51.018] [main/DEBUG] [net.minecraftforge.fml.loading.moddiscovery.ModFileInfo/LOADING]: Found valid mod file arclight-1.20.1-1.0.5-1a8925b.jar with {arclight} mods - versions {1.20.1-1.0.5-1a8925b}
[05Dec2024 07:20:51.020] [main/DEBUG] [net.minecraftforge.fml.loading.moddiscovery.ModListHandler/CORE]: Found mod coordinates from lists: []
[05Dec2024 07:20:51.022] [main/DEBUG] [net.minecraftforge.fml.loading.moddiscovery.ModDiscoverer/CORE]: Found Mod Locators : (mods folder:null),(maven libs:null),(exploded directory:null),(minecraft:null),(userdev classpath:null),(arclight:arclight-1.20.1-1.0.5-1a8925b)
[05Dec2024 07:20:51.022] [main/DEBUG] [net.minecraftforge.fml.loading.moddiscovery.ModDiscoverer/CORE]: Found Dependency Locators : (JarInJar:null)
[05Dec2024 07:20:51.028] [main/DEBUG] [net.minecraftforge.fml.loading.moddiscovery.ModFileParser/LOADING]: Considering mod file candidate /workspaces/xdservernuevo/servidor_minecraft/mods/abandoned_urban-1.1.0-forge-1.20.1.jar
[05Dec2024 07:20:51.030] [main/DEBUG] [net.minecraftforge.fml.loading.moddiscovery.ModFileInfo/LOADING]: Found valid mod file abandoned_urban-1.1.0-forge-1.20.1.jar with {abandoned_urban} mods - versions {1.0.0}
[05Dec2024 07:20:51.032] [main/DEBUG] [net.minecraftforge.fml.loading.moddiscovery.ModFileParser/LOADING]: Considering mod file candidate /workspaces/xdservernuevo/servidor_minecraft/mods/ad_astra-forge-1.20.1-1.15.18.jar
[05Dec2024 07:20:51.035] [main/DEBUG] [net.minecraftforge.fml.loading.moddiscovery.ModFileInfo/LOADING]: Found valid mod file ad_astra-forge-1.20.1-1.15.18.jar with {ad_astra} mods - versions {1.15.18}
[05Dec2024 07:20:51.035] [main/DEBUG] [net.minecraftforge.fml.loading.moddiscovery.ModFileParser/LOADING]: Considering mod file candidate /workspaces/xdservernuevo/servidor_minecraft/mods/aeroblender-1.20.1-1.0.1-neoforge.jar
[05Dec2024 07:20:51.037] [main/DEBUG] [net.minecraftforge.fml.loading.moddiscovery.ModFileInfo/LOADING]: Found valid mod file aeroblender-1.20.1-1.0.1-neoforge.jar with {aeroblender} mods - versions {1.20.1-1.0.1-neoforge}
[05Dec2024 07:20:51.039] [main/DEBUG] [net.minecraftforge.fml.loading.moddiscovery.ModFileParser/LOADING]: Considering mod file candidate /workspaces/xdservernuevo/servidor_minecraft/mods/aether-1.20.1-1.4.2-neoforge.jar
[05Dec2024 07:20:51.041] [main/DEBUG] [net.minecraftforge.fml.loading.moddiscovery.ModFileInfo/LOADING]: Found valid mod file aether-1.20.1-1.4.2-neoforge.jar with {aether} mods - versions {1.20.1-1.4.2-neoforge}
[05Dec2024 07:20:51.043] [main/DEBUG] [net.minecraftforge.fml.loading.moddiscovery.ModFileParser/LOADING]: Considering mod file candidate /workspaces/xdservernuevo/servidor_minecraft/mods/aether-redux-2.0.16c-1.20.1-neoforge.jar
[05Dec2024 07:20:51.045] [main/DEBUG] [net.minecraftforge.fml.loading.moddiscovery.ModFileInfo/LOADING]: Found valid mod file aether-redux-2.0.16c-1.20.1-neoforge.jar with {aether_redux} mods - versions {2.0.16c}
[05Dec2024 07:20:51.048] [main/DEBUG] [net.minecraftforge.fml.loading.moddiscovery.ModFileParser/LOADING]: Considering mod file candidate /workspaces/xdservernuevo/servidor_minecraft/mods/alchemistry-1.20.1-2.3.4.jar
[05Dec2024 07:20:51.049] [main/DEBUG] [net.minecraftforge.fml.loading.moddiscovery.ModFileInfo/LOADING]: Found valid mod file alchemistry-1.20.1-2.3.4.jar with {alchemistry} mods - versions {2.3.4}
[05Dec2024 07:20:51.050] [main/DEBUG] [net.minecraftforge.fml.loading.moddiscovery.ModFileParser/LOADING]: Considering mod file candidate /workspaces/xdservernuevo/servidor_minecraft/mods/alchemylib-1.20.1-1.0.30.jar
[05Dec2024 07:20:51.050] [main/DEBUG] [net.minecraftforge.fml.loading.moddiscovery.ModFileInfo/LOADING]: Found valid mod file alchemylib-1.20.1-1.0.30.jar with {alchemylib} mods - versions {1.0.30}
[05Dec2024 07:20:51.053] [main/DEBUG] [net.minecraftforge.fml.loading.moddiscovery.ModFileParser/LOADING]: Considering mod file candidate /workspaces/xdservernuevo/servidor_minecraft/mods/alexscaves-2.0.2.jar
[05Dec2024 07:20:51.055] [main/DEBUG] [net.minecraftforge.fml.loading.moddiscovery.ModFileInfo/LOADING]: Found valid mod file alexscaves-2.0.2.jar with {alexscaves} mods - versions {2.0.2}
[05Dec2024 07:20:51.057] [main/DEBUG] [net.minecraftforge.fml.loading.moddiscovery.ModFileParser/LOADING]: Considering mod file candidate /workspaces/xdservernuevo/servidor_minecraft/mods/alexsmobs-1.22.7.jar
[05Dec2024 07:20:51.057] [main/DEBUG] [net.minecraftforge.fml.loading.moddiscovery.ModFileInfo/LOADING]: Found valid mod file alexsmobs-1.22.7.jar with {alexsmobs} mods - versions {1.22.8}
[05Dec2024 07:20:51.059] [main/DEBUG] [net.minecraftforge.fml.loading.moddiscovery.ModFileParser/LOADING]: Considering mod file candidate /workspaces/xdservernuevo/servidor_minecraft/mods/ancient_aether-0.9.7.jar
[05Dec2024 07:20:51.060] [main/DEBUG] [net.minecraftforge.fml.loading.moddiscovery.ModFileInfo/LOADING]: Found valid mod file ancient_aether-0.9.7.jar with {ancient_aether} mods - versions {0.9.7}
[05Dec2024 07:20:51.060] [main/DEBUG] [net.minecraftforge.fml.loading.moddiscovery.ModFileParser/LOADING]: Considering mod file candidate /workspaces/xdservernuevo/servidor_minecraft/mods/animal_feeding_trough-1.1.0+1.20.1-forge.jar
[05Dec2024 07:20:51.061] [main/DEBUG] [net.minecraftforge.fml.loading.moddiscovery.ModFileInfo/LOADING]: Found valid mod file animal_feeding_trough-1.1.0+1.20.1-forge.jar with {animal_feeding_trough} mods - versions {1.1.0+1.20.1-forge}
[05Dec2024 07:20:51.061] [main/DEBUG] [net.minecraftforge.fml.loading.moddiscovery.ModFileParser/LOADING]: Considering mod file candidate /workspaces/xdservernuevo/servidor_minecraft/mods/aquamirae-6.API15.jar
[05Dec2024 07:20:51.062] [main/DEBUG] [net.minecraftforge.fml.loading.moddiscovery.ModFileInfo/LOADING]: Found valid mod file aquamirae-6.API15.jar with {aquamirae} mods - versions {6.API15}
[05Dec2024 07:20:51.062] [main/DEBUG] [net.minecraftforge.fml.loading.moddiscovery.ModFileParser/LOADING]: Considering mod file candidate /workspaces/xdservernuevo/servidor_minecraft/mods/architectury-9.2.14-forge.jar
[05Dec2024 07:20:51.063] [main/DEBUG] [net.minecraftforge.fml.loading.moddiscovery.ModFileInfo/LOADING]: Found valid mod file architectury-9.2.14-forge.jar with {architectury} mods - versions {9.2.14}
[05Dec2024 07:20:51.063] [main/DEBUG] [net.minecraftforge.fml.loading.moddiscovery.ModFileParser/LOADING]: Considering mod file candidate /workspaces/xdservernuevo/servidor_minecraft/mods/athena-forge-1.20.1-3.1.2.jar
[05Dec2024 07:20:51.064] [main/DEBUG] [net.minecraftforge.fml.loading.moddiscovery.ModFileInfo/LOADING]: Found valid mod file athena-forge-1.20.1-3.1.2.jar with {athena} mods - versions {3.1.2}
[05Dec2024 07:20:51.065] [main/DEBUG] [net.minecraftforge.fml.loading.moddiscovery.ModFileParser/LOADING]: Considering mod file candidate /workspaces/xdservernuevo/servidor_minecraft/mods/awesomedungeonocean-forge-1.20.1-3.3.0.jar
[05Dec2024 07:20:51.065] [main/DEBUG] [net.minecraftforge.fml.loading.moddiscovery.ModFileInfo/LOADING]: Found valid mod file awesomedungeonocean-forge-1.20.1-3.3.0.jar with {awesomedungeonocean} mods - versions {3.3.0}
[05Dec2024 07:20:51.066] [main/DEBUG] [net.minecraftforge.fml.loading.moddiscovery.ModFileParser/LOADING]: Considering mod file candidate /workspaces/xdservernuevo/servidor_minecraft/mods/azurelib-neo-1.20.1-2.0.39.jar
[05Dec2024 07:20:51.066] [main/DEBUG] [net.minecraftforge.fml.loading.moddiscovery.ModFileInfo/LOADING]: Found valid mod file azurelib-neo-1.20.1-2.0.39.jar with {azurelib} mods - versions {2.0.39}
[05Dec2024 07:20:51.067] [main/DEBUG] [net.minecraftforge.fml.loading.moddiscovery.ModFileParser/LOADING]: Considering mod file candidate /workspaces/xdservernuevo/servidor_minecraft/mods/bagus_lib-1.20.1-5.2.3.jar
[05Dec2024 07:20:51.067] [main/DEBUG] [net.minecraftforge.fml.loading.moddiscovery.ModFileInfo/LOADING]: Found valid mod file bagus_lib-1.20.1-5.2.3.jar with {bagus_lib} mods - versions {1.20.1-5.2.3}
[05Dec2024 07:20:51.068] [main/DEBUG] [net.minecraftforge.fml.loading.moddiscovery.ModFileParser/LOADING]: Considering mod file candidate /workspaces/xdservernuevo/servidor_minecraft/mods/balm-forge-1.20.1-7.3.9-all.jar
[05Dec2024 07:20:51.069] [main/DEBUG] [net.minecraftforge.fml.loading.moddiscovery.ModFileInfo/LOADING]: Found valid mod file balm-forge-1.20.1-7.3.9-all.jar with {balm} mods - versions {7.3.9}
[05Dec2024 07:20:51.071] [main/DEBUG] [net.minecraftforge.fml.loading.moddiscovery.ModFileParser/LOADING]: Considering mod file candidate /workspaces/xdservernuevo/servidor_minecraft/mods/born_in_chaos_[Forge]1.20.1_1.5_halloween_event.jar
[05Dec2024 07:20:51.072] [main/DEBUG] [net.minecraftforge.fml.loading.moddiscovery.ModFileInfo/LOADING]: Found valid mod file born_in_chaos_[Forge]1.20.1_1.5_halloween_event.jar with {born_in_chaos_v1} mods - versions {1.4}
[05Dec2024 07:20:51.073] [main/DEBUG] [net.minecraftforge.fml.loading.moddiscovery.ModFileParser/LOADING]: Considering mod file candidate /workspaces/xdservernuevo/servidor_minecraft/mods/botarium-forge-1.20.1-2.3.3.jar
[05Dec2024 07:20:51.073] [main/DEBUG] [net.minecraftforge.fml.loading.moddiscovery.ModFileInfo/LOADING]: Found valid mod file botarium-forge-1.20.1-2.3.3.jar with {botarium} mods - versions {2.3.3}
[05Dec2024 07:20:51.074] [main/DEBUG] [net.minecraftforge.fml.loading.moddiscovery.ModFileParser/LOADING]: Considering mod file candidate /workspaces/xdservernuevo/servidor_minecraft/mods/caelus-forge-3.2.0+1.20.1.jar
[05Dec2024 07:20:51.075] [main/DEBUG] [net.minecraftforge.fml.loading.moddiscovery.ModFileInfo/LOADING]: Found valid mod file caelus-forge-3.2.0+1.20.1.jar with {caelus} mods - versions {3.2.0+1.20.1}
[05Dec2024 07:20:51.076] [main/DEBUG] [net.minecraftforge.fml.loading.moddiscovery.ModFileParser/LOADING]: Considering mod file candidate /workspaces/xdservernuevo/servidor_minecraft/mods/call_of_yucutan-1.0.13-forge-1.20.1.jar
[05Dec2024 07:20:51.077] [main/DEBUG] [net.minecraftforge.fml.loading.moddiscovery.ModFileInfo/LOADING]: Found valid mod file call_of_yucutan-1.0.13-forge-1.20.1.jar with {call_of_yucutan} mods - versions {1.0.13}
[05Dec2024 07:20:51.077] [main/DEBUG] [net.minecraftforge.fml.loading.moddiscovery.ModFileParser/LOADING]: Considering mod file candidate /workspaces/xdservernuevo/servidor_minecraft/mods/carryon-forge-1.20.1-2.1.2.7.jar
[05Dec2024 07:20:51.078] [main/DEBUG] [net.minecraftforge.fml.loading.moddiscovery.ModFileInfo/LOADING]: Found valid mod file carryon-forge-1.20.1-2.1.2.7.jar with {carryon} mods - versions {2.1.2.7}
[05Dec2024 07:20:51.080] [main/DEBUG] [net.minecraftforge.fml.loading.moddiscovery.ModFileParser/LOADING]: Considering mod file candidate /workspaces/xdservernuevo/servidor_minecraft/mods/chemlib-1.20.1-2.0.19.jar
[05Dec2024 07:20:51.080] [main/DEBUG] [net.minecraftforge.fml.loading.moddiscovery.ModFileInfo/LOADING]: Found valid mod file chemlib-1.20.1-2.0.19.jar with {chemlib} mods - versions {2.0.19}
[05Dec2024 07:20:51.081] [main/DEBUG] [net.minecraftforge.fml.loading.moddiscovery.ModFileParser/LOADING]: Considering mod file candidate /workspaces/xdservernuevo/servidor_minecraft/mods/Chunky-1.3.146.jar
[05Dec2024 07:20:51.081] [main/DEBUG] [net.minecraftforge.fml.loading.moddiscovery.ModFileInfo/LOADING]: Found valid mod file Chunky-1.3.146.jar with {chunky} mods - versions {1.3.146}
[05Dec2024 07:20:51.082] [main/DEBUG] [net.minecraftforge.fml.loading.moddiscovery.ModFileParser/LOADING]: Considering mod file candidate /workspaces/xdservernuevo/servidor_minecraft/mods/citadel-2.6.0-1.20.1.jar
[05Dec2024 07:20:51.083] [main/DEBUG] [net.minecraftforge.fml.loading.moddiscovery.ModFileInfo/LOADING]: Found valid mod file citadel-2.6.0-1.20.1.jar with {citadel} mods - versions {2.6.0}
[05Dec2024 07:20:51.084] [main/DEBUG] [net.minecraftforge.fml.loading.moddiscovery.ModFileParser/LOADING]: Considering mod file candidate /workspaces/xdservernuevo/servidor_minecraft/mods/cloth-config-11.1.118-forge.jar
[05Dec2024 07:20:51.084] [main/DEBUG] [net.minecraftforge.fml.loading.moddiscovery.ModFileInfo/LOADING]: Found valid mod file cloth-config-11.1.118-forge.jar with {cloth_config} mods - versions {11.1.118}
[05Dec2024 07:20:51.085] [main/DEBUG] [net.minecraftforge.fml.loading.moddiscovery.ModFileParser/LOADING]: Considering mod file candidate /workspaces/xdservernuevo/servidor_minecraft/mods/collective-1.20.1-7.84.jar
[05Dec2024 07:20:51.085] [main/DEBUG] [net.minecraftforge.fml.loading.moddiscovery.ModFileInfo/LOADING]: Found valid mod file collective-1.20.1-7.84.jar with {collective} mods - versions {7.84}
[05Dec2024 07:20:51.086] [main/DEBUG] [net.minecraftforge.fml.loading.moddiscovery.ModFileParser/LOADING]: Considering mod file candidate /workspaces/xdservernuevo/servidor_minecraft/mods/comforts-forge-6.3.5+1.20.1.jar
[05Dec2024 07:20:51.086] [main/DEBUG] [net.minecraftforge.fml.loading.moddiscovery.ModFileInfo/LOADING]: Found valid mod file comforts-forge-6.3.5+1.20.1.jar with {comforts} mods - versions {6.3.5+1.20.1}
[05Dec2024 07:20:51.087] [main/DEBUG] [net.minecraftforge.fml.loading.moddiscovery.ModFileParser/LOADING]: Considering mod file candidate /workspaces/xdservernuevo/servidor_minecraft/mods/CorgiLib-forge-1.20.1-4.0.1.3.jar
[05Dec2024 07:20:51.087] [main/DEBUG] [net.minecraftforge.fml.loading.moddiscovery.ModFileInfo/LOADING]: Found valid mod file CorgiLib-forge-1.20.1-4.0.1.3.jar with {corgilib} mods - versions {4.0.1.3}
[05Dec2024 07:20:51.088] [main/DEBUG] [net.minecraftforge.fml.loading.moddiscovery.ModFileParser/LOADING]: Considering mod file candidate /workspaces/xdservernuevo/servidor_minecraft/mods/coroutil-forge-1.20.1-1.3.7.jar
[05Dec2024 07:20:51.088] [main/DEBUG] [net.minecraftforge.fml.loading.moddiscovery.ModFileInfo/LOADING]: Found valid mod file coroutil-forge-1.20.1-1.3.7.jar with {coroutil} mods - versions {1.20.1-1.3.7}
[05Dec2024 07:20:51.089] [main/DEBUG] [net.minecraftforge.fml.loading.moddiscovery.ModFileParser/LOADING]: Considering mod file candidate /workspaces/xdservernuevo/servidor_minecraft/mods/cosmeticarmorreworked-1.20.1-v1a.jar
[05Dec2024 07:20:51.090] [main/DEBUG] [net.minecraftforge.fml.loading.moddiscovery.ModFileInfo/LOADING]: Found valid mod file cosmeticarmorreworked-1.20.1-v1a.jar with {cosmeticarmorreworked} mods - versions {1.20.1-v1a}
[05Dec2024 07:20:51.090] [main/DEBUG] [net.minecraftforge.fml.loading.moddiscovery.ModFileParser/LOADING]: Considering mod file candidate /workspaces/xdservernuevo/servidor_minecraft/mods/craftingtweaks-forge-1.20.1-18.2.5.jar
[05Dec2024 07:20:51.091] [main/DEBUG] [net.minecraftforge.fml.loading.moddiscovery.ModFileInfo/LOADING]: Found valid mod file craftingtweaks-forge-1.20.1-18.2.5.jar with {craftingtweaks} mods - versions {18.2.5}
[05Dec2024 07:20:51.091] [main/DEBUG] [net.minecraftforge.fml.loading.moddiscovery.ModFileParser/LOADING]: Considering mod file candidate /workspaces/xdservernuevo/servidor_minecraft/mods/crawlondemand-1.20.x-1.0.0.jar
[05Dec2024 07:20:51.092] [main/DEBUG] [net.minecraftforge.fml.loading.moddiscovery.ModFileInfo/LOADING]: Found valid mod file crawlondemand-1.20.x-1.0.0.jar with {crawlondemand} mods - versions {1.20.x-1.0.0}
[05Dec2024 07:20:51.096] [main/DEBUG] [net.minecraftforge.fml.loading.moddiscovery.ModFileParser/LOADING]: Considering mod file candidate /workspaces/xdservernuevo/servidor_minecraft/mods/create-1.20.1-0.5.1.j.jar
[05Dec2024 07:20:51.096] [main/DEBUG] [net.minecraftforge.fml.loading.moddiscovery.ModFileInfo/LOADING]: Found valid mod file create-1.20.1-0.5.1.j.jar with {create} mods - versions {0.5.1.j}
[05Dec2024 07:20:51.097] [main/DEBUG] [net.minecraftforge.fml.loading.moddiscovery.ModFileParser/LOADING]: Considering mod file candidate /workspaces/xdservernuevo/servidor_minecraft/mods/createaddition-1.20.1-1.2.4c.jar
[05Dec2024 07:20:51.098] [main/DEBUG] [net.minecraftforge.fml.loading.moddiscovery.ModFileInfo/LOADING]: Found valid mod file createaddition-1.20.1-1.2.4c.jar with {createaddition} mods - versions {1.20.1-1.2.4c}
[05Dec2024 07:20:51.098] [main/DEBUG] [net.minecraftforge.fml.loading.moddiscovery.ModFileParser/LOADING]: Considering mod file candidate /workspaces/xdservernuevo/servidor_minecraft/mods/CreativeCore_FORGE_v2.11.37_mc1.20.1.jar
[05Dec2024 07:20:51.099] [main/DEBUG] [net.minecraftforge.fml.loading.moddiscovery.ModFileInfo/LOADING]: Found valid mod file CreativeCore_FORGE_v2.11.37_mc1.20.1.jar with {creativecore} mods - versions {2.11.37}
[05Dec2024 07:20:51.099] [main/DEBUG] [net.minecraftforge.fml.loading.moddiscovery.ModFileParser/LOADING]: Considering mod file candidate /workspaces/xdservernuevo/servidor_minecraft/mods/creeperoverhaul-3.0.2-forge.jar
[05Dec2024 07:20:51.100] [main/DEBUG] [net.minecraftforge.fml.loading.moddiscovery.ModFileInfo/LOADING]: Found valid mod file creeperoverhaul-3.0.2-forge.jar with {creeperoverhaul} mods - versions {3.0.2}
[05Dec2024 07:20:51.100] [main/DEBUG] [net.minecraftforge.fml.loading.moddiscovery.ModFileParser/LOADING]: Considering mod file candidate /workspaces/xdservernuevo/servidor_minecraft/mods/crittersandcompanions-1.20.1-2.1.6.jar
[05Dec2024 07:20:51.101] [main/DEBUG] [net.minecraftforge.fml.loading.moddiscovery.ModFileInfo/LOADING]: Found valid mod file crittersandcompanions-1.20.1-2.1.6.jar with {crittersandcompanions} mods - versions {1.20.1-2.1.6}
[05Dec2024 07:20:51.101] [main/DEBUG] [net.minecraftforge.fml.loading.moddiscovery.ModFileParser/LOADING]: Considering mod file candidate /workspaces/xdservernuevo/servidor_minecraft/mods/cubicracers-1.4.1.jar
[05Dec2024 07:20:51.102] [main/DEBUG] [net.minecraftforge.fml.loading.moddiscovery.ModFileInfo/LOADING]: Found valid mod file cubicracers-1.4.1.jar with {cubicracers} mods - versions {1.4.1}
[05Dec2024 07:20:51.102] [main/DEBUG] [net.minecraftforge.fml.loading.moddiscovery.ModFileParser/LOADING]: Considering mod file candidate /workspaces/xdservernuevo/servidor_minecraft/mods/curios-forge-5.10.0+1.20.1.jar
[05Dec2024 07:20:51.103] [main/DEBUG] [net.minecraftforge.fml.loading.moddiscovery.ModFileInfo/LOADING]: Found valid mod file curios-forge-5.10.0+1.20.1.jar with {curios} mods - versions {5.10.0+1.20.1}
[05Dec2024 07:20:51.104] [main/DEBUG] [net.minecraftforge.fml.loading.moddiscovery.ModFileParser/LOADING]: Considering mod file candidate /workspaces/xdservernuevo/servidor_minecraft/mods/customizableelytra-forge-2.1.2+1.20.jar
[05Dec2024 07:20:51.104] [main/DEBUG] [net.minecraftforge.fml.loading.moddiscovery.ModFileInfo/LOADING]: Found valid mod file customizableelytra-forge-2.1.2+1.20.jar with {customizableelytra} mods - versions {2.1.2+1.20}
[05Dec2024 07:20:51.105] [main/DEBUG] [net.minecraftforge.fml.loading.moddiscovery.ModFileParser/LOADING]: Considering mod file candidate /workspaces/xdservernuevo/servidor_minecraft/mods/deeperdarker-forge-1.20.1-1.2.1.jar
[05Dec2024 07:20:51.106] [main/DEBUG] [net.minecraftforge.fml.loading.moddiscovery.ModFileInfo/LOADING]: Found valid mod file deeperdarker-forge-1.20.1-1.2.1.jar with {deeperdarker} mods - versions {1.2.1}
[05Dec2024 07:20:51.106] [main/DEBUG] [net.minecraftforge.fml.loading.moddiscovery.ModFileParser/LOADING]: Considering mod file candidate /workspaces/xdservernuevo/servidor_minecraft/mods/dummmmmmy-1.20-2.0.1.jar
[05Dec2024 07:20:51.107] [main/DEBUG] [net.minecraftforge.fml.loading.moddiscovery.ModFileInfo/LOADING]: Found valid mod file dummmmmmy-1.20-2.0.1.jar with {dummmmmmy} mods - versions {1.20-2.0.1}
[05Dec2024 07:20:51.108] [main/DEBUG] [net.minecraftforge.fml.loading.moddiscovery.ModFileParser/LOADING]: Considering mod file candidate /workspaces/xdservernuevo/servidor_minecraft/mods/dungeons-and-taverns-3.0.3.f[Forge].jar
[05Dec2024 07:20:51.109] [main/DEBUG] [net.minecraftforge.fml.loading.moddiscovery.ModFileInfo/LOADING]: Found valid mod file dungeons-and-taverns-3.0.3.f[Forge].jar with {mr_dungeons_andtaverns} mods - versions {3.0.3.f}
[05Dec2024 07:20:51.110] [main/DEBUG] [net.minecraftforge.fml.loading.moddiscovery.ModFileParser/LOADING]: Considering mod file candidate /workspaces/xdservernuevo/servidor_minecraft/mods/DungeonsArise-1.20.x-2.1.58-release.jar
[05Dec2024 07:20:51.110] [main/DEBUG] [net.minecraftforge.fml.loading.moddiscovery.ModFileInfo/LOADING]: Found valid mod file DungeonsArise-1.20.x-2.1.58-release.jar with {dungeons_arise} mods - versions {2.1.58-1.20.x}
[05Dec2024 07:20:51.111] [main/DEBUG] [net.minecraftforge.fml.loading.moddiscovery.ModFileParser/LOADING]: Considering mod file candidate /workspaces/xdservernuevo/servidor_minecraft/mods/Easy Gunpowder 1.0-1.20.1.jar
[05Dec2024 07:20:51.111] [main/DEBUG] [net.minecraftforge.fml.loading.moddiscovery.ModFileInfo/LOADING]: Found valid mod file Easy Gunpowder 1.0-1.20.1.jar with {easy_gunpowder} mods - versions {1.0.0}
[05Dec2024 07:20:51.111] [main/DEBUG] [net.minecraftforge.fml.loading.moddiscovery.ModFileParser/LOADING]: Considering mod file candidate /workspaces/xdservernuevo/servidor_minecraft/mods/elytraslot-forge-6.4.3+1.20.1.jar
[05Dec2024 07:20:51.112] [main/DEBUG] [net.minecraftforge.fml.loading.moddiscovery.ModFileInfo/LOADING]: Found valid mod file elytraslot-forge-6.4.3+1.20.1.jar with {elytraslot} mods - versions {6.4.3+1.20.1}
[05Dec2024 07:20:51.113] [main/DEBUG] [net.minecraftforge.fml.loading.moddiscovery.ModFileParser/LOADING]: Considering mod file candidate /workspaces/xdservernuevo/servidor_minecraft/mods/EnchantingInfuser-v8.0.3-1.20.1-Forge.jar
[05Dec2024 07:20:51.114] [main/DEBUG] [net.minecraftforge.fml.loading.moddiscovery.ModFileInfo/LOADING]: Found valid mod file EnchantingInfuser-v8.0.3-1.20.1-Forge.jar with {enchantinginfuser} mods - versions {8.0.3}
[05Dec2024 07:20:51.115] [main/DEBUG] [net.minecraftforge.fml.loading.moddiscovery.ModFileParser/LOADING]: Considering mod file candidate /workspaces/xdservernuevo/servidor_minecraft/mods/enemyexpansion-2.3.1-forge-1.20.1.jar
[05Dec2024 07:20:51.115] [main/DEBUG] [net.minecraftforge.fml.loading.moddiscovery.ModFileInfo/LOADING]: Found valid mod file enemyexpansion-2.3.1-forge-1.20.1.jar with {enemyexpansion} mods - versions {2.3.1}
[05Dec2024 07:20:51.115] [main/DEBUG] [net.minecraftforge.fml.loading.moddiscovery.ModFileParser/LOADING]: Considering mod file candidate /workspaces/xdservernuevo/servidor_minecraft/mods/entityculling-forge-1.7.0-mc1.20.1.jar
[05Dec2024 07:20:51.116] [main/DEBUG] [net.minecraftforge.fml.loading.moddiscovery.ModFileInfo/LOADING]: Found valid mod file entityculling-forge-1.7.0-mc1.20.1.jar with {entityculling} mods - versions {1.7.0}
[05Dec2024 07:20:51.117] [main/DEBUG] [net.minecraftforge.fml.loading.moddiscovery.ModFileParser/LOADING]: Considering mod file candidate /workspaces/xdservernuevo/servidor_minecraft/mods/expanded_combat-1.20.1-3.2.1-all.jar
[05Dec2024 07:20:51.118] [main/DEBUG] [net.minecraftforge.fml.loading.moddiscovery.ModFileInfo/LOADING]: Found valid mod file expanded_combat-1.20.1-3.2.1-all.jar with {expanded_combat} mods - versions {3.2.1}
[05Dec2024 07:20:51.119] [main/DEBUG] [net.minecraftforge.fml.loading.moddiscovery.ModFileParser/LOADING]: Considering mod file candidate /workspaces/xdservernuevo/servidor_minecraft/mods/fantasyfurniture-1.20.1-9.0.0.jar
[05Dec2024 07:20:51.120] [main/DEBUG] [net.minecraftforge.fml.loading.moddiscovery.ModFileInfo/LOADING]: Found valid mod file fantasyfurniture-1.20.1-9.0.0.jar with {fantasyfurniture} mods - versions {9.0.0}
[05Dec2024 07:20:51.121] [main/DEBUG] [net.minecraftforge.fml.loading.moddiscovery.ModFileParser/LOADING]: Considering mod file candidate /workspaces/xdservernuevo/servidor_minecraft/mods/Fastload-Reforged-mc1.20.1-3.4.0.jar
[05Dec2024 07:20:51.121] [main/DEBUG] [net.minecraftforge.fml.loading.moddiscovery.ModFileInfo/LOADING]: Found valid mod file Fastload-Reforged-mc1.20.1-3.4.0.jar with {fastload} mods - versions {3.4.0}
[05Dec2024 07:20:51.124] [main/DEBUG] [net.minecraftforge.fml.loading.moddiscovery.ModFileParser/LOADING]: Considering mod file candidate /workspaces/xdservernuevo/servidor_minecraft/mods/ferritecore-6.0.1-forge.jar
[05Dec2024 07:20:51.124] [main/DEBUG] [net.minecraftforge.fml.loading.moddiscovery.ModFileInfo/LOADING]: Found valid mod file ferritecore-6.0.1-forge.jar with {ferritecore} mods - versions {6.0.1}
[05Dec2024 07:20:51.126] [main/DEBUG] [net.minecraftforge.fml.loading.moddiscovery.ModFileParser/LOADING]: Considering mod file candidate /workspaces/xdservernuevo/servidor_minecraft/mods/framework-forge-1.20.1-0.7.11.jar
[05Dec2024 07:20:51.126] [main/DEBUG] [net.minecraftforge.fml.loading.moddiscovery.ModFileInfo/LOADING]: Found valid mod file framework-forge-1.20.1-0.7.11.jar with {framework} mods - versions {0.7.11}
[05Dec2024 07:20:51.127] [main/DEBUG] [net.minecraftforge.fml.loading.moddiscovery.ModFileParser/LOADING]: Considering mod file candidate /workspaces/xdservernuevo/servidor_minecraft/mods/fromtheshadowsreborn-2.5.jar
[05Dec2024 07:20:51.127] [main/DEBUG] [net.minecraftforge.fml.loading.moddiscovery.ModFileInfo/LOADING]: Found valid mod file fromtheshadowsreborn-2.5.jar with {fromtheshadows} mods - versions {2.5}
[05Dec2024 07:20:51.128] [main/DEBUG] [net.minecraftforge.fml.loading.moddiscovery.ModFileParser/LOADING]: Considering mod file candidate /workspaces/xdservernuevo/servidor_minecraft/mods/Galosphere-1.20.1-1.4.1-Forge.jar
[05Dec2024 07:20:51.129] [main/DEBUG] [net.minecraftforge.fml.loading.moddiscovery.ModFileInfo/LOADING]: Found valid mod file Galosphere-1.20.1-1.4.1-Forge.jar with {galosphere} mods - versions {1.20.1-1.4.1}
[05Dec2024 07:20:51.129] [main/DEBUG] [net.minecraftforge.fml.loading.moddiscovery.ModFileParser/LOADING]: Considering mod file candidate /workspaces/xdservernuevo/servidor_minecraft/mods/geckolib-forge-1.20.1-4.4.9.jar
[05Dec2024 07:20:51.130] [main/DEBUG] [net.minecraftforge.fml.loading.moddiscovery.ModFileInfo/LOADING]: Found valid mod file geckolib-forge-1.20.1-4.4.9.jar with {geckolib} mods - versions {4.4.9}
[05Dec2024 07:20:51.131] [main/DEBUG] [net.minecraftforge.fml.loading.moddiscovery.ModFileParser/LOADING]: Considering mod file candidate /workspaces/xdservernuevo/servidor_minecraft/mods/GrimoireOfGaia4-1.20.1-4.0.0-alpha.11.jar
[05Dec2024 07:20:51.131] [main/DEBUG] [net.minecraftforge.fml.loading.moddiscovery.ModFileInfo/LOADING]: Found valid mod file GrimoireOfGaia4-1.20.1-4.0.0-alpha.11.jar with {grimoireofgaia} mods - versions {4.0.0-alpha.11}
[05Dec2024 07:20:51.136] [main/DEBUG] [net.minecraftforge.fml.loading.moddiscovery.ModFileParser/LOADING]: Considering mod file candidate /workspaces/xdservernuevo/servidor_minecraft/mods/handcrafted-forge-1.20.1-3.0.6.jar
[05Dec2024 07:20:51.136] [main/DEBUG] [net.minecraftforge.fml.loading.moddiscovery.ModFileInfo/LOADING]: Found valid mod file handcrafted-forge-1.20.1-3.0.6.jar with {handcrafted} mods - versions {3.0.6}
[05Dec2024 07:20:51.137] [main/DEBUG] [net.minecraftforge.fml.loading.moddiscovery.ModFileParser/LOADING]: Considering mod file candidate /workspaces/xdservernuevo/servidor_minecraft/mods/hrbsdrills-1.1.2-1.20.1.jar
[05Dec2024 07:20:51.137] [main/DEBUG] [net.minecraftforge.fml.loading.moddiscovery.ModFileInfo/LOADING]: Found valid mod file hrbsdrills-1.1.2-1.20.1.jar with {hrbsdrills} mods - versions {1.1.2-1.20.1}
[05Dec2024 07:20:51.138] [main/DEBUG] [net.minecraftforge.fml.loading.moddiscovery.ModFileParser/LOADING]: Considering mod file candidate /workspaces/xdservernuevo/servidor_minecraft/mods/hunters_return-1.20.1-11.5.0.jar
[05Dec2024 07:20:51.138] [main/DEBUG] [net.minecraftforge.fml.loading.moddiscovery.ModFileInfo/LOADING]: Found valid mod file hunters_return-1.20.1-11.5.0.jar with {hunters_return} mods - versions {1.20.1-11.5.0}
[05Dec2024 07:20:51.139] [main/DEBUG] [net.minecraftforge.fml.loading.moddiscovery.ModFileParser/LOADING]: Considering mod file candidate /workspaces/xdservernuevo/servidor_minecraft/mods/illageandspillagerespillaged-1.2.2.jar
[05Dec2024 07:20:51.140] [main/DEBUG] [net.minecraftforge.fml.loading.moddiscovery.ModFileInfo/LOADING]: Found valid mod file illageandspillagerespillaged-1.2.2.jar with {illageandspillage} mods - versions {1.2.2}
[05Dec2024 07:20:51.140] [main/DEBUG] [net.minecraftforge.fml.loading.moddiscovery.ModFileParser/LOADING]: Considering mod file candidate /workspaces/xdservernuevo/servidor_minecraft/mods/illagerrevolutionmod-1.2.jar
[05Dec2024 07:20:51.141] [main/DEBUG] [net.minecraftforge.fml.loading.moddiscovery.ModFileInfo/LOADING]: Found valid mod file illagerrevolutionmod-1.2.jar with {illagerrevolutionmod} mods - versions {1.2}}
[05Dec2024 07:20:51.141] [main/DEBUG] [net.minecraftforge.fml.loading.moddiscovery.ModFileParser/LOADING]: Considering mod file candidate /workspaces/xdservernuevo/servidor_minecraft/mods/immersive_aircraft-1.0.1+1.20.1-forge.jar
[05Dec2024 07:20:51.142] [main/DEBUG] [net.minecraftforge.fml.loading.moddiscovery.ModFileInfo/LOADING]: Found valid mod file immersive_aircraft-1.0.1+1.20.1-forge.jar with {immersive_aircraft} mods - versions {1.0.1+1.20.1}
[05Dec2024 07:20:51.143] [main/DEBUG] [net.minecraftforge.fml.loading.moddiscovery.ModFileParser/LOADING]: Considering mod file candidate /workspaces/xdservernuevo/servidor_minecraft/mods/immersive_armors-1.6.1+1.20.1-forge.jar
[05Dec2024 07:20:51.143] [main/DEBUG] [net.minecraftforge.fml.loading.moddiscovery.ModFileInfo/LOADING]: Found valid mod file immersive_armors-1.6.1+1.20.1-forge.jar with {immersive_armors} mods - versions {1.6.1+1.20.1}
[05Dec2024 07:20:51.144] [main/DEBUG] [net.minecraftforge.fml.loading.moddiscovery.ModFileParser/LOADING]: Considering mod file candidate /workspaces/xdservernuevo/servidor_minecraft/mods/immersive_melodies-0.2.0+1.20.1-forge.jar
[05Dec2024 07:20:51.144] [main/DEBUG] [net.minecraftforge.fml.loading.moddiscovery.ModFileInfo/LOADING]: Found valid mod file immersive_melodies-0.2.0+1.20.1-forge.jar with {immersive_melodies} mods - versions {0.2.0+1.20.1}
[05Dec2024 07:20:51.145] [main/DEBUG] [net.minecraftforge.fml.loading.moddiscovery.ModFileParser/LOADING]: Considering mod file candidate /workspaces/xdservernuevo/servidor_minecraft/mods/Infinite Abyss 1.20.1 version 1.8.5.jar
[05Dec2024 07:20:51.145] [main/DEBUG] [net.minecraftforge.fml.loading.moddiscovery.ModFileInfo/LOADING]: Found valid mod file Infinite Abyss 1.20.1 version 1.8.5.jar with {infinite_abyss} mods - versions {1.8.5}
[05Dec2024 07:20:51.147] [main/DEBUG] [net.minecraftforge.fml.loading.moddiscovery.ModFileParser/LOADING]: Considering mod file candidate /workspaces/xdservernuevo/servidor_minecraft/mods/infinity_cave-0.4-1.20.1-FORGE.jar
[05Dec2024 07:20:51.147] [main/DEBUG] [net.minecraftforge.fml.loading.moddiscovery.ModFileInfo/LOADING]: Found valid mod file infinity_cave-0.4-1.20.1-FORGE.jar with {infinity_cave} mods - versions {0.4}
[05Dec2024 07:20:51.148] [main/DEBUG] [net.minecraftforge.fml.loading.moddiscovery.ModFileParser/LOADING]: Considering mod file candidate /workspaces/xdservernuevo/servidor_minecraft/mods/ItemPhysic_FORGE_v1.7.1_mc1.20.1.jar
[05Dec2024 07:20:51.148] [main/DEBUG] [net.minecraftforge.fml.loading.moddiscovery.ModFileInfo/LOADING]: Found valid mod file ItemPhysic_FORGE_v1.7.1_mc1.20.1.jar with {itemphysic} mods - versions {1.7.1}
[05Dec2024 07:20:51.149] [main/DEBUG] [net.minecraftforge.fml.loading.moddiscovery.ModFileParser/LOADING]: Considering mod file candidate /workspaces/xdservernuevo/servidor_minecraft/mods/L_Enders_Cataclysm-2.16 - 1.20.1.jar
[05Dec2024 07:20:51.150] [main/DEBUG] [net.minecraftforge.fml.loading.moddiscovery.ModFileInfo/LOADING]: Found valid mod file L_Enders_Cataclysm-2.16 - 1.20.1.jar with {cataclysm} mods - versions {2.16}
[05Dec2024 07:20:51.151] [main/DEBUG] [net.minecraftforge.fml.loading.moddiscovery.ModFileParser/LOADING]: Considering mod file candidate /workspaces/xdservernuevo/servidor_minecraft/mods/legendarymonsters-1.4.6 MC 1.20.1.jar
[05Dec2024 07:20:51.152] [main/DEBUG] [net.minecraftforge.fml.loading.moddiscovery.ModFileInfo/LOADING]: Found valid mod file legendarymonsters-1.4.6 MC 1.20.1.jar with {legendary_monsters} mods - versions {1.20.1}
[05Dec2024 07:20:51.153] [main/DEBUG] [net.minecraftforge.fml.loading.moddiscovery.ModFileParser/LOADING]: Considering mod file candidate /workspaces/xdservernuevo/servidor_minecraft/mods/letsdo-furniture-forge-1.0.3.jar
[05Dec2024 07:20:51.153] [main/DEBUG] [net.minecraftforge.fml.loading.moddiscovery.ModFileInfo/LOADING]: Found valid mod file letsdo-furniture-forge-1.0.3.jar with {furniture} mods - versions {1.0.3}
[05Dec2024 07:20:51.153] [main/DEBUG] [net.minecraftforge.fml.loading.moddiscovery.ModFileParser/LOADING]: Considering mod file candidate /workspaces/xdservernuevo/servidor_minecraft/mods/libraryferret-forge-1.20.1-4.0.0.jar
[05Dec2024 07:20:51.154] [main/DEBUG] [net.minecraftforge.fml.loading.moddiscovery.ModFileInfo/LOADING]: Found valid mod file libraryferret-forge-1.20.1-4.0.0.jar with {libraryferret} mods - versions {4.0.0}
[05Dec2024 07:20:51.154] [main/DEBUG] [net.minecraftforge.fml.loading.moddiscovery.ModFileParser/LOADING]: Considering mod file candidate /workspaces/xdservernuevo/servidor_minecraft/mods/lionfishapi-1.9.jar
[05Dec2024 07:20:51.155] [main/DEBUG] [net.minecraftforge.fml.loading.moddiscovery.ModFileInfo/LOADING]: Found valid mod file lionfishapi-1.9.jar with {lionfishapi} mods - versions {1.9}
[05Dec2024 07:20:51.155] [main/DEBUG] [net.minecraftforge.fml.loading.moddiscovery.ModFileParser/LOADING]: Considering mod file candidate /workspaces/xdservernuevo/servidor_minecraft/mods/lios_overhauled_villages-1.18.2-1.20.4-v0.0.3.jar
[05Dec2024 07:20:51.156] [main/DEBUG] [net.minecraftforge.fml.loading.moddiscovery.ModFileInfo/LOADING]: Found valid mod file lios_overhauled_villages-1.18.2-1.20.4-v0.0.3.jar with {lios_overhauled_villages} mods - versions {0.0.3-1.18.2-1.20.4-Universal}
[05Dec2024 07:20:51.156] [main/DEBUG] [net.minecraftforge.fml.loading.moddiscovery.ModFileParser/LOADING]: Considering mod file candidate /workspaces/xdservernuevo/servidor_minecraft/mods/lost_aether_content-1.20.1-1.2.3.jar
[05Dec2024 07:20:51.157] [main/DEBUG] [net.minecraftforge.fml.loading.moddiscovery.ModFileInfo/LOADING]: Found valid mod file lost_aether_content-1.20.1-1.2.3.jar with {lost_aether_content} mods - versions {1.2.3}
[05Dec2024 07:20:51.161] [main/DEBUG] [net.minecraftforge.fml.loading.moddiscovery.ModFileParser/LOADING]: Considering mod file candidate /workspaces/xdservernuevo/servidor_minecraft/mods/LUMINOUS V1.4.0 - 1.20.1.jar
[05Dec2024 07:20:51.161] [main/DEBUG] [net.minecraftforge.fml.loading.moddiscovery.ModFileInfo/LOADING]: Found valid mod file LUMINOUS V1.4.0 - 1.20.1.jar with {luminousworld} mods - versions {1.4.0}
[05Dec2024 07:20:51.162] [main/DEBUG] [net.minecraftforge.fml.loading.moddiscovery.ModFileParser/LOADING]: Considering mod file candidate /workspaces/xdservernuevo/servidor_minecraft/mods/mcw-bridges-3.0.0-mc1.20.1forge.jar
[05Dec2024 07:20:51.163] [main/DEBUG] [net.minecraftforge.fml.loading.moddiscovery.ModFileInfo/LOADING]: Found valid mod file mcw-bridges-3.0.0-mc1.20.1forge.jar with {mcwbridges} mods - versions {3.0.0}
[05Dec2024 07:20:51.163] [main/DEBUG] [net.minecraftforge.fml.loading.moddiscovery.ModFileParser/LOADING]: Considering mod file candidate /workspaces/xdservernuevo/servidor_minecraft/mods/memoryleakfix-forge-1.17+-1.1.5.jar
[05Dec2024 07:20:51.164] [main/DEBUG] [net.minecraftforge.fml.loading.moddiscovery.ModFileInfo/LOADING]: Found valid mod file memoryleakfix-forge-1.17+-1.1.5.jar with {memoryleakfix} mods - versions {1.1.5}
[05Dec2024 07:20:51.167] [main/DEBUG] [net.minecraftforge.fml.loading.moddiscovery.ModFileParser/LOADING]: Considering mod file candidate /workspaces/xdservernuevo/servidor_minecraft/mods/modernfix-forge-5.19.4+mc1.20.1.jar
[05Dec2024 07:20:51.168] [main/DEBUG] [net.minecraftforge.fml.loading.moddiscovery.ModFileInfo/LOADING]: Found valid mod file modernfix-forge-5.19.4+mc1.20.1.jar with {modernfix} mods - versions {5.19.4+mc1.20.1}
[05Dec2024 07:20:51.169] [main/DEBUG] [net.minecraftforge.fml.loading.moddiscovery.ModFileParser/LOADING]: Considering mod file candidate /workspaces/xdservernuevo/servidor_minecraft/mods/mokels_bossfight_saphyra-2.0.2-forge-1.20.1.jar
[05Dec2024 07:20:51.169] [main/DEBUG] [net.minecraftforge.fml.loading.moddiscovery.ModFileInfo/LOADING]: Found valid mod file mokels_bossfight_saphyra-2.0.2-forge-1.20.1.jar with {mokels_bossfight_saphyra} mods - versions {2.0.2}
[05Dec2024 07:20:51.170] [main/DEBUG] [net.minecraftforge.fml.loading.moddiscovery.ModFileParser/LOADING]: Considering mod file candidate /workspaces/xdservernuevo/servidor_minecraft/mods/moonlight-1.20-2.12.21-forge.jar
[05Dec2024 07:20:51.171] [main/DEBUG] [net.minecraftforge.fml.loading.moddiscovery.ModFileInfo/LOADING]: Found valid mod file moonlight-1.20-2.12.21-forge.jar with {moonlight} mods - versions {1.20-2.12.21}
[05Dec2024 07:20:51.172] [main/DEBUG] [net.minecraftforge.fml.loading.moddiscovery.ModFileParser/LOADING]: Considering mod file candidate /workspaces/xdservernuevo/servidor_minecraft/mods/mowziesmobs-1.6.5.jar
[05Dec2024 07:20:51.173] [main/DEBUG] [net.minecraftforge.fml.loading.moddiscovery.ModFileInfo/LOADING]: Found valid mod file mowziesmobs-1.6.5.jar with {mowziesmobs} mods - versions {1.6.4}
[05Dec2024 07:20:51.174] [main/DEBUG] [net.minecraftforge.fml.loading.moddiscovery.ModFileParser/LOADING]: Considering mod file candidate /workspaces/xdservernuevo/servidor_minecraft/mods/mvs-4.1.2-1.20-forge.jar
[05Dec2024 07:20:51.174] [main/DEBUG] [net.minecraftforge.fml.loading.moddiscovery.ModFileInfo/LOADING]: Found valid mod file mvs-4.1.2-1.20-forge.jar with {mvs} mods - versions {4.1.2-1.20-forge}
[05Dec2024 07:20:51.175] [main/DEBUG] [net.minecraftforge.fml.loading.moddiscovery.ModFileParser/LOADING]: Considering mod file candidate /workspaces/xdservernuevo/servidor_minecraft/mods/nebulus_better_portals-1.0.0.jar
[05Dec2024 07:20:51.175] [main/DEBUG] [net.minecraftforge.fml.loading.moddiscovery.ModFileInfo/LOADING]: Found valid mod file nebulus_better_portals-1.0.0.jar with {nebulusbetterportals} mods - versions {1.0.0}
[05Dec2024 07:20:51.176] [main/DEBUG] [net.minecraftforge.fml.loading.moddiscovery.ModFileParser/LOADING]: Considering mod file candidate /workspaces/xdservernuevo/servidor_minecraft/mods/obscure_api-15.jar
[05Dec2024 07:20:51.178] [main/DEBUG] [net.minecraftforge.fml.loading.moddiscovery.ModFileInfo/LOADING]: Found valid mod file obscure_api-15.jar with {obscure_api} mods - versions {15}
[05Dec2024 07:20:51.178] [main/DEBUG] [net.minecraftforge.fml.loading.moddiscovery.ModFileParser/LOADING]: Considering mod file candidate /workspaces/xdservernuevo/servidor_minecraft/mods/OctoLib-FORGE-0.4.2+1.20.1.jar
[05Dec2024 07:20:51.179] [main/DEBUG] [net.minecraftforge.fml.loading.moddiscovery.ModFileInfo/LOADING]: Found valid mod file OctoLib-FORGE-0.4.2+1.20.1.jar with {octolib} mods - versions {0.4.2}
[05Dec2024 07:20:51.179] [main/DEBUG] [net.minecraftforge.fml.loading.moddiscovery.ModFileParser/LOADING]: Considering mod file candidate /workspaces/xdservernuevo/servidor_minecraft/mods/player-animation-lib-forge-1.0.2-rc1+1.20.jar
[05Dec2024 07:20:51.180] [main/DEBUG] [net.minecraftforge.fml.loading.moddiscovery.ModFileInfo/LOADING]: Found valid mod file player-animation-lib-forge-1.0.2-rc1+1.20.jar with {playeranimator} mods - versions {1.0.2-rc1+1.20}
[05Dec2024 07:20:51.181] [main/DEBUG] [net.minecraftforge.fml.loading.moddiscovery.ModFileParser/LOADING]: Considering mod file candidate /workspaces/xdservernuevo/servidor_minecraft/mods/pointblank-forge-1.20.1-1.7.6.jar
[05Dec2024 07:20:51.182] [main/DEBUG] [net.minecraftforge.fml.loading.moddiscovery.ModFileInfo/LOADING]: Found valid mod file pointblank-forge-1.20.1-1.7.6.jar with {pointblank} mods - versions {1.7.6}
[05Dec2024 07:20:51.187] [main/DEBUG] [net.minecraftforge.fml.loading.moddiscovery.ModFileParser/LOADING]: Considering mod file candidate /workspaces/xdservernuevo/servidor_minecraft/mods/PuzzlesLib-v8.1.23-1.20.1-Forge.jar
[05Dec2024 07:20:51.188] [main/DEBUG] [net.minecraftforge.fml.loading.moddiscovery.ModFileInfo/LOADING]: Found valid mod file PuzzlesLib-v8.1.23-1.20.1-Forge.jar with {puzzleslib} mods - versions {8.1.23}
[05Dec2024 07:20:51.222] [main/DEBUG] [net.minecraftforge.fml.loading.moddiscovery.ModFileParser/LOADING]: Considering mod file candidate /workspaces/xdservernuevo/servidor_minecraft/mods/refurbished_furniture-forge-1.20.1-1.0.6.jar
[05Dec2024 07:20:51.223] [main/DEBUG] [net.minecraftforge.fml.loading.moddiscovery.ModFileInfo/LOADING]: Found valid mod file refurbished_furniture-forge-1.20.1-1.0.6.jar with {refurbished_furniture} mods - versions {1.0.6}
[05Dec2024 07:20:51.227] [main/DEBUG] [net.minecraftforge.fml.loading.moddiscovery.ModFileParser/LOADING]: Considering mod file candidate /workspaces/xdservernuevo/servidor_minecraft/mods/RegionsUnexploredForge-0.5.5+1.20.1.jar
[05Dec2024 07:20:51.228] [main/DEBUG] [net.minecraftforge.fml.loading.moddiscovery.ModFileInfo/LOADING]: Found valid mod file RegionsUnexploredForge-0.5.5+1.20.1.jar with {regions_unexplored} mods - versions {0.5.5}
[05Dec2024 07:20:51.229] [main/DEBUG] [net.minecraftforge.fml.loading.moddiscovery.ModFileParser/LOADING]: Considering mod file candidate /workspaces/xdservernuevo/servidor_minecraft/mods/relics-1.20.1-0.8.0.7.jar
[05Dec2024 07:20:51.229] [main/DEBUG] [net.minecraftforge.fml.loading.moddiscovery.ModFileInfo/LOADING]: Found valid mod file relics-1.20.1-0.8.0.7.jar with {relics} mods - versions {0.8.0.7}
[05Dec2024 07:20:51.229] [main/DEBUG] [net.minecraftforge.fml.loading.moddiscovery.ModFileParser/LOADING]: Considering mod file candidate /workspaces/xdservernuevo/servidor_minecraft/mods/resourcefulconfig-forge-1.20.1-2.1.2.jar
[05Dec2024 07:20:51.230] [main/DEBUG] [net.minecraftforge.fml.loading.moddiscovery.ModFileInfo/LOADING]: Found valid mod file resourcefulconfig-forge-1.20.1-2.1.2.jar with {resourcefulconfig} mods - versions {2.1.2}
[05Dec2024 07:20:51.230] [main/DEBUG] [net.minecraftforge.fml.loading.moddiscovery.ModFileParser/LOADING]: Considering mod file candidate /workspaces/xdservernuevo/servidor_minecraft/mods/resourcefullib-forge-1.20.1-2.1.25.jar
[05Dec2024 07:20:51.231] [main/DEBUG] [net.minecraftforge.fml.loading.moddiscovery.ModFileInfo/LOADING]: Found valid mod file resourcefullib-forge-1.20.1-2.1.25.jar with {resourcefullib} mods - versions {2.1.25}
[05Dec2024 07:20:51.231] [main/DEBUG] [net.minecraftforge.fml.loading.moddiscovery.ModFileParser/LOADING]: Considering mod file candidate /workspaces/xdservernuevo/servidor_minecraft/mods/Rex's-AdditionalStructures-1.20.x-(v.4.2.0).jar
[05Dec2024 07:20:51.232] [main/DEBUG] [net.minecraftforge.fml.loading.moddiscovery.ModFileInfo/LOADING]: Found valid mod file Rex's-AdditionalStructures-1.20.x-(v.4.2.0).jar with {additionalstructures} mods - versions {4.2.0}
[05Dec2024 07:20:51.232] [main/DEBUG] [net.minecraftforge.fml.loading.moddiscovery.ModFileParser/LOADING]: Considering mod file candidate /workspaces/xdservernuevo/servidor_minecraft/mods/Ribbits-1.20.1-Forge-3.0.0.jar
[05Dec2024 07:20:51.233] [main/DEBUG] [net.minecraftforge.fml.loading.moddiscovery.ModFileInfo/LOADING]: Found valid mod file Ribbits-1.20.1-Forge-3.0.0.jar with {ribbits} mods - versions {1.20.1-Forge-3.0.0}
[05Dec2024 07:20:51.233] [main/DEBUG] [net.minecraftforge.fml.loading.moddiscovery.ModFileParser/LOADING]: Considering mod file candidate /workspaces/xdservernuevo/servidor_minecraft/mods/rubidium-extra-0.5.4.3+mc1.20.1-build.121.jar
[05Dec2024 07:20:51.234] [main/DEBUG] [net.minecraftforge.fml.loading.moddiscovery.ModFileInfo/LOADING]: Found valid mod file rubidium-extra-0.5.4.3+mc1.20.1-build.121.jar with {embeddium_extra} mods - versions {0.5.4.3+mc1.20.1-build.121}
[05Dec2024 07:20:51.235] [main/DEBUG] [net.minecraftforge.fml.loading.moddiscovery.ModFileParser/LOADING]: Considering mod file candidate /workspaces/xdservernuevo/servidor_minecraft/mods/samurai_dynasty-0.0.48-1.20.1-neo.jar
[05Dec2024 07:20:51.236] [main/DEBUG] [net.minecraftforge.fml.loading.moddiscovery.ModFileInfo/LOADING]: Found valid mod file samurai_dynasty-0.0.48-1.20.1-neo.jar with {samurai_dynasty} mods - versions {0.0.48-1.20.1-neo}
[05Dec2024 07:20:51.236] [main/DEBUG] [net.minecraftforge.fml.loading.moddiscovery.ModFileParser/LOADING]: Considering mod file candidate /workspaces/xdservernuevo/servidor_minecraft/mods/scuba_gear-1.20.1-1.0.6.jar
[05Dec2024 07:20:51.237] [main/DEBUG] [net.minecraftforge.fml.loading.moddiscovery.ModFileInfo/LOADING]: Found valid mod file scuba_gear-1.20.1-1.0.6.jar with {scuba_gear} mods - versions {1.0.6}
[05Dec2024 07:20:51.237] [main/DEBUG] [net.minecraftforge.fml.loading.moddiscovery.ModFileParser/LOADING]: Considering mod file candidate /workspaces/xdservernuevo/servidor_minecraft/mods/Shrines-1.20.1-6.0.2.jar
[05Dec2024 07:20:51.238] [main/DEBUG] [net.minecraftforge.fml.loading.moddiscovery.ModFileInfo/LOADING]: Found valid mod file Shrines-1.20.1-6.0.2.jar with {shrines} mods - versions {1.20.1-6.0.2}
[05Dec2024 07:20:51.238] [main/DEBUG] [net.minecraftforge.fml.loading.moddiscovery.ModFileParser/LOADING]: Considering mod file candidate /workspaces/xdservernuevo/servidor_minecraft/mods/simpleshops-1.2.2.jar
[05Dec2024 07:20:51.239] [main/DEBUG] [net.minecraftforge.fml.loading.moddiscovery.ModFileInfo/LOADING]: Found valid mod file simpleshops-1.2.2.jar with {simpleshops} mods - versions {1.2.2}
[05Dec2024 07:20:51.239] [main/DEBUG] [net.minecraftforge.fml.loading.moddiscovery.ModFileParser/LOADING]: Considering mod file candidate /workspaces/xdservernuevo/servidor_minecraft/mods/sons-of-sins-1.20.1-2.1.6.jar
[05Dec2024 07:20:51.240] [main/DEBUG] [net.minecraftforge.fml.loading.moddiscovery.ModFileInfo/LOADING]: Found valid mod file sons-of-sins-1.20.1-2.1.6.jar with {sons_of_sins} mods - versions {2.1.6}
[05Dec2024 07:20:51.240] [main/DEBUG] [net.minecraftforge.fml.loading.moddiscovery.ModFileParser/LOADING]: Considering mod file candidate /workspaces/xdservernuevo/servidor_minecraft/mods/sophisticatedbackpacks-1.20.1-3.20.5.1044.jar
[05Dec2024 07:20:51.241] [main/DEBUG] [net.minecraftforge.fml.loading.moddiscovery.ModFileInfo/LOADING]: Found valid mod file sophisticatedbackpacks-1.20.1-3.20.5.1044.jar with {sophisticatedbackpacks} mods - versions {3.20.5.1044}
[05Dec2024 07:20:51.241] [main/DEBUG] [net.minecraftforge.fml.loading.moddiscovery.ModFileParser/LOADING]: Considering mod file candidate /workspaces/xdservernuevo/servidor_minecraft/mods/sophisticatedbackpacks-1.20.1-3.20.6.1064.jar
[05Dec2024 07:20:51.242] [main/DEBUG] [net.minecraftforge.fml.loading.moddiscovery.ModFileInfo/LOADING]: Found valid mod file sophisticatedbackpacks-1.20.1-3.20.6.1064.jar with {sophisticatedbackpacks} mods - versions {3.20.6.1064}
[05Dec2024 07:20:51.243] [main/DEBUG] [net.minecraftforge.fml.loading.moddiscovery.ModFileParser/LOADING]: Considering mod file candidate /workspaces/xdservernuevo/servidor_minecraft/mods/sophisticatedcore-1.20.1-0.6.22.611.jar
[05Dec2024 07:20:51.243] [main/DEBUG] [net.minecraftforge.fml.loading.moddiscovery.ModFileInfo/LOADING]: Found valid mod file sophisticatedcore-1.20.1-0.6.22.611.jar with {sophisticatedcore} mods - versions {0.6.22.611}
[05Dec2024 07:20:51.244] [main/DEBUG] [net.minecraftforge.fml.loading.moddiscovery.ModFileParser/LOADING]: Considering mod file candidate /workspaces/xdservernuevo/servidor_minecraft/mods/sophisticatedcore-1.20.1-0.6.25.632.jar
[05Dec2024 07:20:51.244] [main/DEBUG] [net.minecraftforge.fml.loading.moddiscovery.ModFileInfo/LOADING]: Found valid mod file sophisticatedcore-1.20.1-0.6.25.632.jar with {sophisticatedcore} mods - versions {0.6.25.632}
[05Dec2024 07:20:51.245] [main/DEBUG] [net.minecraftforge.fml.loading.moddiscovery.ModFileParser/LOADING]: Considering mod file candidate /workspaces/xdservernuevo/servidor_minecraft/mods/SpartanShields-1.20.1-forge-3.1.1.jar
[05Dec2024 07:20:51.245] [main/DEBUG] [net.minecraftforge.fml.loading.moddiscovery.ModFileInfo/LOADING]: Found valid mod file SpartanShields-1.20.1-forge-3.1.1.jar with {spartanshields} mods - versions {3.1.1}
[05Dec2024 07:20:51.246] [main/DEBUG] [net.minecraftforge.fml.loading.moddiscovery.ModFileParser/LOADING]: Considering mod file candidate /workspaces/xdservernuevo/servidor_minecraft/mods/spore_1.20.1_2.1.1.jar
[05Dec2024 07:20:51.246] [main/DEBUG] [net.minecraftforge.fml.loading.moddiscovery.ModFileInfo/LOADING]: Found valid mod file spore_1.20.1_2.1.1.jar with {spore} mods - versions {2.1.1}
[05Dec2024 07:20:51.247] [main/DEBUG] [net.minecraftforge.fml.loading.moddiscovery.ModFileParser/LOADING]: Considering mod file candidate /workspaces/xdservernuevo/servidor_minecraft/mods/SporeMore-1.1-1.20.1.jar
[05Dec2024 07:20:51.247] [main/DEBUG] [net.minecraftforge.fml.loading.moddiscovery.ModFileInfo/LOADING]: Found valid mod file SporeMore-1.1-1.20.1.jar with {spore_more} mods - versions {1.1}
[05Dec2024 07:20:51.249] [main/DEBUG] [net.minecraftforge.fml.loading.moddiscovery.ModFileParser/LOADING]: Considering mod file candidate /workspaces/xdservernuevo/servidor_minecraft/mods/Stellarity-v2-0e.jar
[05Dec2024 07:20:51.250] [main/DEBUG] [net.minecraftforge.fml.loading.moddiscovery.ModFileInfo/LOADING]: Found valid mod file Stellarity-v2-0e.jar with {mr_stellarity} mods - versions {2.0d}
[05Dec2024 07:20:51.250] [main/DEBUG] [net.minecraftforge.fml.loading.moddiscovery.ModFileParser/LOADING]: Considering mod file candidate /workspaces/xdservernuevo/servidor_minecraft/mods/Structory_1.20.2_v1.3.4.jar
[05Dec2024 07:20:51.251] [main/DEBUG] [net.minecraftforge.fml.loading.moddiscovery.ModFileInfo/LOADING]: Found valid mod file Structory_1.20.2_v1.3.4.jar with {structory} mods - versions {1.3.4}
[05Dec2024 07:20:51.251] [main/DEBUG] [net.minecraftforge.fml.loading.moddiscovery.ModFileParser/LOADING]: Considering mod file candidate /workspaces/xdservernuevo/servidor_minecraft/mods/structure_gel-1.20.1-2.16.2.jar
[05Dec2024 07:20:51.251] [main/DEBUG] [net.minecraftforge.fml.loading.moddiscovery.ModFileInfo/LOADING]: Found valid mod file structure_gel-1.20.1-2.16.2.jar with {structure_gel} mods - versions {2.16.2}
[05Dec2024 07:20:51.252] [main/DEBUG] [net.minecraftforge.fml.loading.moddiscovery.ModFileParser/LOADING]: Considering mod file candidate /workspaces/xdservernuevo/servidor_minecraft/mods/tenshilib-1.20.1-1.7.6-forge.jar
[05Dec2024 07:20:51.252] [main/DEBUG] [net.minecraftforge.fml.loading.moddiscovery.ModFileInfo/LOADING]: Found valid mod file tenshilib-1.20.1-1.7.6-forge.jar with {tenshilib} mods - versions {1.20.1-1.7.6}
[05Dec2024 07:20:51.253] [main/DEBUG] [net.minecraftforge.fml.loading.moddiscovery.ModFileParser/LOADING]: Considering mod file candidate /workspaces/xdservernuevo/servidor_minecraft/mods/TerraBlender-forge-1.20.1-3.0.1.6.jar
[05Dec2024 07:20:51.253] [main/DEBUG] [net.minecraftforge.fml.loading.moddiscovery.ModFileInfo/LOADING]: Found valid mod file TerraBlender-forge-1.20.1-3.0.1.6.jar with {terrablender} mods - versions {3.0.1.6}
[05Dec2024 07:20:51.255] [main/DEBUG] [net.minecraftforge.fml.loading.moddiscovery.ModFileParser/LOADING]: Considering mod file candidate /workspaces/xdservernuevo/servidor_minecraft/mods/Terralith_1.20_v2.5.1.jar
[05Dec2024 07:20:51.255] [main/DEBUG] [net.minecraftforge.fml.loading.moddiscovery.ModFileInfo/LOADING]: Found valid mod file Terralith_1.20_v2.5.1.jar with {terralith} mods - versions {2.5.1}
[05Dec2024 07:20:51.258] [main/DEBUG] [net.minecraftforge.fml.loading.moddiscovery.ModFileParser/LOADING]: Considering mod file candidate /workspaces/xdservernuevo/servidor_minecraft/mods/terramity-0.9.6.1-forge-1.20.1.jar
[05Dec2024 07:20:51.258] [main/DEBUG] [net.minecraftforge.fml.loading.moddiscovery.ModFileInfo/LOADING]: Found valid mod file terramity-0.9.6.1-forge-1.20.1.jar with {terramity} mods - versions {0.9.6.1}
[05Dec2024 07:20:51.261] [main/DEBUG] [net.minecraftforge.fml.loading.moddiscovery.ModFileParser/LOADING]: Considering mod file candidate /workspaces/xdservernuevo/servidor_minecraft/mods/the_bumblezone-7.5.3+1.20.1-forge.jar
[05Dec2024 07:20:51.262] [main/DEBUG] [net.minecraftforge.fml.loading.moddiscovery.ModFileInfo/LOADING]: Found valid mod file the_bumblezone-7.5.3+1.20.1-forge.jar with {the_bumblezone} mods - versions {7.5.3+1.20.1-forge}
[05Dec2024 07:20:51.263] [main/DEBUG] [net.minecraftforge.fml.loading.moddiscovery.ModFileParser/LOADING]: Considering mod file candidate /workspaces/xdservernuevo/servidor_minecraft/mods/The_Graveyard_3.1_(FORGE)_for_1.20.1.jar
[05Dec2024 07:20:51.264] [main/DEBUG] [net.minecraftforge.fml.loading.moddiscovery.ModFileInfo/LOADING]: Found valid mod file The_Graveyard_3.1_(FORGE)_for_1.20.1.jar with {graveyard} mods - versions {3.1}
[05Dec2024 07:20:51.264] [main/DEBUG] [net.minecraftforge.fml.loading.moddiscovery.ModFileParser/LOADING]: Considering mod file candidate /workspaces/xdservernuevo/servidor_minecraft/mods/THEUNDEADREVAMPED_1.4c_1.20.1(Bug Fixes).jar
[05Dec2024 07:20:51.265] [main/DEBUG] [net.minecraftforge.fml.loading.moddiscovery.ModFileInfo/LOADING]: Found valid mod file THEUNDEADREVAMPED_1.4c_1.20.1(Bug Fixes).jar with {undead_revamp2} mods - versions {1.0.0}
[05Dec2024 07:20:51.265] [main/DEBUG] [net.minecraftforge.fml.loading.moddiscovery.ModFileParser/LOADING]: Considering mod file candidate /workspaces/xdservernuevo/servidor_minecraft/mods/travelersbackpack-forge-1.20.1-9.1.15.jar
[05Dec2024 07:20:51.266] [main/DEBUG] [net.minecraftforge.fml.loading.moddiscovery.ModFileInfo/LOADING]: Found valid mod file travelersbackpack-forge-1.20.1-9.1.15.jar with {travelersbackpack} mods - versions {9.1.15}
[05Dec2024 07:20:51.268] [main/DEBUG] [net.minecraftforge.fml.loading.moddiscovery.ModFileParser/LOADING]: Considering mod file candidate /workspaces/xdservernuevo/servidor_minecraft/mods/twilightforest-1.20.1-4.3.2508-universal.jar
[05Dec2024 07:20:51.269] [main/DEBUG] [net.minecraftforge.fml.loading.moddiscovery.ModFileInfo/LOADING]: Found valid mod file twilightforest-1.20.1-4.3.2508-universal.jar with {twilightforest} mods - versions {4.3.2508}
[05Dec2024 07:20:51.269] [main/DEBUG] [net.minecraftforge.fml.loading.moddiscovery.ModFileParser/LOADING]: Considering mod file candidate /workspaces/xdservernuevo/servidor_minecraft/mods/veinminer-1.1.0.jar
[05Dec2024 07:20:51.270] [main/DEBUG] [net.minecraftforge.fml.loading.moddiscovery.ModFileInfo/LOADING]: Found valid mod file veinminer-1.1.0.jar with {mr_veinminer} mods - versions {1.1.0}
[05Dec2024 07:20:51.270] [main/DEBUG] [net.minecraftforge.fml.loading.moddiscovery.ModFileParser/LOADING]: Considering mod file candidate /workspaces/xdservernuevo/servidor_minecraft/mods/watut-forge-1.20.1-1.1.3.jar
[05Dec2024 07:20:51.270] [main/DEBUG] [net.minecraftforge.fml.loading.moddiscovery.ModFileInfo/LOADING]: Found valid mod file watut-forge-1.20.1-1.1.3.jar with {watut} mods - versions {1.20.1-1.1.3}
[05Dec2024 07:20:51.271] [main/DEBUG] [net.minecraftforge.fml.loading.moddiscovery.ModFileParser/LOADING]: Considering mod file candidate /workspaces/xdservernuevo/servidor_minecraft/mods/waystones-forge-1.20-14.1.6.jar
[05Dec2024 07:20:51.271] [main/DEBUG] [net.minecraftforge.fml.loading.moddiscovery.ModFileInfo/LOADING]: Found valid mod file waystones-forge-1.20-14.1.6.jar with {waystones} mods - versions {14.1.6}
[05Dec2024 07:20:51.272] [main/DEBUG] [net.minecraftforge.fml.loading.moddiscovery.ModFileParser/LOADING]: Considering mod file candidate /workspaces/xdservernuevo/servidor_minecraft/mods/yesstevemodel-forge-1.20-2.2.2.jar
[05Dec2024 07:20:51.272] [main/DEBUG] [net.minecraftforge.fml.loading.moddiscovery.ModFileInfo/LOADING]: Found valid mod file yesstevemodel-forge-1.20-2.2.2.jar with {yes_steve_model} mods - versions {2.2.2}
[05Dec2024 07:20:51.273] [main/DEBUG] [net.minecraftforge.fml.loading.moddiscovery.ModFileParser/LOADING]: Considering mod file candidate /workspaces/xdservernuevo/servidor_minecraft/mods/YungsApi-1.20-Forge-4.0.5.jar
[05Dec2024 07:20:51.273] [main/DEBUG] [net.minecraftforge.fml.loading.moddiscovery.ModFileInfo/LOADING]: Found valid mod file YungsApi-1.20-Forge-4.0.5.jar with {yungsapi} mods - versions {1.20-Forge-4.0.5}
[05Dec2024 07:20:51.373] [main/DEBUG] [net.minecraftforge.fml.loading.moddiscovery.ModFileInfo/LOADING]: Found valid mod file server-1.20.1-20230612.114412-srg.jar with {minecraft} mods - versions {1.20.1}
[05Dec2024 07:20:51.378] [main/DEBUG] [net.minecraftforge.fml.loading.moddiscovery.ModFileParser/LOADING]: Considering mod file candidate /workspaces/xdservernuevo/servidor_minecraft/libraries/net/minecraftforge/fmlcore/1.20.1-47.2.20/fmlcore-1.20.1-47.2.20.jar
[05Dec2024 07:20:51.378] [main/WARN] [net.minecraftforge.fml.loading.moddiscovery.ModFileParser/LOADING]: Mod file /workspaces/xdservernuevo/servidor_minecraft/libraries/net/minecraftforge/fmlcore/1.20.1-47.2.20/fmlcore-1.20.1-47.2.20.jar is missing mods.toml file
[05Dec2024 07:20:51.384] [main/DEBUG] [net.minecraftforge.fml.loading.moddiscovery.ModFileParser/LOADING]: Considering mod file candidate /workspaces/xdservernuevo/servidor_minecraft/libraries/net/minecraftforge/javafmllanguage/1.20.1-47.2.20/javafmllanguage-1.20.1-47.2.20.jar
[05Dec2024 07:20:51.384] [main/WARN] [net.minecraftforge.fml.loading.moddiscovery.ModFileParser/LOADING]: Mod file /workspaces/xdservernuevo/servidor_minecraft/libraries/net/minecraftforge/javafmllanguage/1.20.1-47.2.20/javafmllanguage-1.20.1-47.2.20.jar is missing mods.toml file
[05Dec2024 07:20:51.387] [main/DEBUG] [net.minecraftforge.fml.loading.moddiscovery.ModFileParser/LOADING]: Considering mod file candidate /workspaces/xdservernuevo/servidor_minecraft/libraries/net/minecraftforge/lowcodelanguage/1.20.1-47.2.20/lowcodelanguage-1.20.1-47.2.20.jar
[05Dec2024 07:20:51.387] [main/WARN] [net.minecraftforge.fml.loading.moddiscovery.ModFileParser/LOADING]: Mod file /workspaces/xdservernuevo/servidor_minecraft/libraries/net/minecraftforge/lowcodelanguage/1.20.1-47.2.20/lowcodelanguage-1.20.1-47.2.20.jar is missing mods.toml file
[05Dec2024 07:20:51.399] [main/DEBUG] [net.minecraftforge.fml.loading.moddiscovery.ModFileParser/LOADING]: Considering mod file candidate /workspaces/xdservernuevo/servidor_minecraft/libraries/net/minecraftforge/mclanguage/1.20.1-47.2.20/mclanguage-1.20.1-47.2.20.jar
[05Dec2024 07:20:51.399] [main/WARN] [net.minecraftforge.fml.loading.moddiscovery.ModFileParser/LOADING]: Mod file /workspaces/xdservernuevo/servidor_minecraft/libraries/net/minecraftforge/mclanguage/1.20.1-47.2.20/mclanguage-1.20.1-47.2.20.jar is missing mods.toml file
