[02Dec2024 00:00:04.509] [Server thread/INFO] [net.minecraft.server.network.ServerGamePacketListenerImpl/]: Alexten22 issued server command: /gamemode creative
[02Dec2024 00:00:04.509] [Server thread/INFO] [net.minecraft.server.MinecraftServer/]: [Alexten22: Set own game mode to Creative Mode]
[02Dec2024 00:00:05.393] [Server thread/INFO] [net.minecraft.server.network.ServerGamePacketListenerImpl/]: Alexten22 issued server command: /gamemode survival
[02Dec2024 00:00:05.393] [Server thread/INFO] [net.minecraft.server.MinecraftServer/]: [Alexten22: Set own game mode to Survival Mode]
[02Dec2024 00:00:27.884] [Server thread/INFO] [Console/]: %vault_prefix% Luisitoazp10 died after bleeding..
[02Dec2024 00:00:35.098] [Server thread/INFO] [net.minecraft.world.entity.LivingEntity/]: Named entity DreadHoundEntity['Lvl 1 | mobs.born_in_chaos_v1_dread_hound | ❤ 0/96'/4222, l='ServerLevel[world]', x=1612.50, y=69.00, z=10510.48] died: Lvl 1 | mobs.born_in_chaos_v1_dread_hound | ❤ 0/96 was shot by [Lvl.242] Epic Skeleton - 153 / 153 100%  46 / 97
[02Dec2024 00:01:16.847] [Server thread/INFO] [net.minecraft.world.entity.LivingEntity/]: Named entity GlowSquid['GlowSquid  2 / 10'/4118, l='ServerLevel[world]', x=1522.30, y=8.85, z=10622.06] died: GlowSquid  2 / 10 was slain by Axolotl
[02Dec2024 00:01:29.003] [Server thread/INFO] [Console/]: %vault_prefix% Luisitoazp10 is bleeding so bad..
[02Dec2024 00:01:37.513] [Server thread/WARN] [pointblank/]: Skipping loading of outdated or expired slot mappings.
[02Dec2024 00:01:44.027] [Server thread/INFO] [net.minecraft.server.network.ServerGamePacketListenerImpl/]: Luisitoazp10 issued server command: /GIVE UP
[02Dec2024 00:01:49.955] [Server thread/INFO] [net.minecraft.server.network.ServerGamePacketListenerImpl/]: Luisitoazp10 issued server command: /G
[02Dec2024 00:01:56.593] [Server thread/INFO] [net.minecraft.world.entity.LivingEntity/]: Named entity Axolotl['Axolotl  1 / 14'/4307, l='ServerLevel[world]', x=1558.58, y=2.00, z=10628.39] died: Axolotl  1 / 14 discovered the floor was lava
[02Dec2024 00:01:57.109] [Server thread/INFO] [net.minecraft.server.network.ServerGamePacketListenerImpl/]: Luisitoazp10 issued server command: /GIVE
[02Dec2024 00:02:03.602] [Server thread/INFO] [net.minecraft.server.network.ServerGamePacketListenerImpl/]: Luisitoazp10 issued server command: /GIVEUP
[02Dec2024 00:02:18.418] [Server thread/INFO] [net.minecraft.server.network.ServerGamePacketListenerImpl/]: Luisitoazp10 issued server command: /giveup
[02Dec2024 00:02:18.421] [Server thread/INFO] [net.minecraft.server.MinecraftServer/]: Luisitoazp10 died
[02Dec2024 00:02:50.592] [Server thread/INFO] [net.minecraft.world.entity.LivingEntity/]: Named entity Bat['Bat  2 / 6'/4543, l='ServerLevel[world]', x=1654.98, y=-31.94, z=10551.45] died: Bat  2 / 6 tried to swim in lava
[02Dec2024 00:03:02.093] [Server thread/INFO] [net.minecraft.world.entity.LivingEntity/]: Named entity TheMoonflowerEntity['Lvl 1 | mobs.undead_revamp2_the_moonflower | ❤ 0/100'/4285, l='ServerLevel[world]', x=1529.54, y=101.00, z=10518.46] died: Lvl 1 | mobs.undead_revamp2_the_moonflower | ❤ 0/100 burned to death
[02Dec2024 00:03:03.045] [Server thread/INFO] [net.minecraft.world.entity.LivingEntity/]: Named entity GlowSquid['GlowSquid  2 / 10'/4850, l='ServerLevel[world]', x=1549.60, y=12.41, z=10614.08] died: GlowSquid  2 / 10 was slain by Axolotl - 9 / 14 64%
[02Dec2024 00:03:11.225] [Server thread/INFO] [net.minecraft.world.entity.LivingEntity/]: Named entity EquestrianEntity['Lvl 1 | mobs.enemyexpansion_equestrian | ❤ 0/103'/4200, l='ServerLevel[world]', x=1567.33, y=115.00, z=10539.93] died: Lvl 1 | mobs.enemyexpansion_equestrian | ❤ 0/103 burned to death
[02Dec2024 00:03:18.171] [Server thread/INFO] [net.minecraft.world.entity.LivingEntity/]: Named entity MaggotEntity['Lvl 1 | mobs.born_in_chaos_v1_maggot | ❤ 0/88'/5003, l='ServerLevel[world/DIM-1]', x=187.26, y=56.00, z=1312.74] died: Lvl 1 | mobs.born_in_chaos_v1_maggot | ❤ 0/88 was slain by Luisitoazp10 ||||||||||
[02Dec2024 00:03:42.094] [Server thread/INFO] [net.minecraft.world.entity.LivingEntity/]: Named entity Axolotl['Axolotl  1 / 14'/4779, l='ServerLevel[world]', x=1558.54, y=2.00, z=10628.62] died: Axolotl  1 / 14 discovered the floor was lava
[02Dec2024 00:03:50.854] [Server thread/INFO] [net.minecraft.world.entity.LivingEntity/]: Named entity Spider['Lvl 1 | Spider | ❤ 0/147'/5005, l='ServerLevel[world/DIM-1]', x=175.70, y=67.00, z=1320.88] died: Lvl 1 | Spider | ❤ 0/147 was slain by Luisitoazp10 ||||||||||
[02Dec2024 00:04:18.498] [Server thread/INFO] [net.minecraft.world.entity.LivingEntity/]: Named entity Skeleton['Lvl 93 | Skeleton | ❤ 0/702'/5004, l='ServerLevel[world/DIM-1]', x=187.93, y=22.00, z=1321.89] died: Lvl 93 | Skeleton | ❤ 0/702 tried to swim in lava
[02Dec2024 00:04:28.174] [Server thread/INFO] [net.minecraft.server.network.ServerGamePacketListenerImpl/]: Alexten22 issued server command: /auramobs reload
[02Dec2024 00:04:28.181] [Server thread/INFO] [AuraMobs/]: Loaded 2 message files
[02Dec2024 00:04:29.245] [Server thread/INFO] [net.minecraft.world.entity.LivingEntity/]: Named entity Bat['Bat  1 / 6'/5451, l='ServerLevel[world]', x=1655.77, y=-17.96, z=10552.01] died: Bat  1 / 6 tried to swim in lava
[02Dec2024 00:04:37.299] [Server thread/INFO] [net.minecraft.world.entity.LivingEntity/]: Named entity WitherCow['Lvl 1 | mobs.grimoireofgaia_wither_cow | ❤ 0/26'/5024, l='ServerLevel[world/DIM-1]', x=155.82, y=58.00, z=1312.79] died: Lvl 1 | mobs.grimoireofgaia_wither_cow | ❤ 0/26 burned to death
[02Dec2024 00:05:22.794] [Server thread/INFO] [net.minecraft.world.entity.LivingEntity/]: Named entity Skeleton['Lvl 1 | Skeleton | ❤ 0/66'/5670, l='ServerLevel[world]', x=1601.70, y=7.00, z=10494.70] died: Lvl 1 | Skeleton | ❤ 0/66 was slain by Lvl 1 | mobs.born_in_chaos_v1_dread_hound | ❤ 64/64
[02Dec2024 00:05:30.213] [Server thread/INFO] [net.minecraft.world.entity.LivingEntity/]: Named entity WitherCow['Lvl 1 | mobs.grimoireofgaia_wither_cow | ❤ 0/18'/5620, l='ServerLevel[world/DIM-1]', x=209.15, y=55.00, z=1326.87] died: Lvl 1 | mobs.grimoireofgaia_wither_cow | ❤ 0/18 was shot by Luisitoazp10
[02Dec2024 00:05:40.501] [Server thread/INFO] [net.minecraft.world.entity.LivingEntity/]: Named entity WitherSkeleton['Lvl 1 | Wither Skeleton | ❤ 0/9'/5987, l='ServerLevel[world/DIM-1]', x=195.54, y=65.02, z=1332.76] died: Lvl 1 | Wither Skeleton | ❤ 0/9 was shot by Luisitoazp10
[02Dec2024 00:06:05.195] [Server thread/INFO] [net.minecraft.world.entity.LivingEntity/]: Named entity Strider['Strider  1 / 20'/262, l='ServerLevel[world]', x=1651.11, y=-33.00, z=10566.79] died: Strider  1 / 20 was pricked to death
[02Dec2024 00:06:06.147] [Server thread/INFO] [net.minecraft.world.entity.LivingEntity/]: Named entity DirewolfEntity['Lvl 1 | mobs.enemyexpansion_direwolf | ❤ 0/65'/6014, l='ServerLevel[world]', x=1657.50, y=61.00, z=10539.50] died: Lvl 1 | mobs.enemyexpansion_direwolf | ❤ 0/65 suffocated in a wall
[02Dec2024 00:06:06.602] [Server thread/INFO] [net.minecraft.world.entity.LivingEntity/]: Named entity Hoglin['Lvl 1 | Hoglin | ❤ 0/26'/5452, l='ServerLevel[world/DIM-1]', x=180.63, y=75.00, z=1377.93] died: Lvl 1 | Hoglin | ❤ 0/26 was shot by Luisitoazp10
[02Dec2024 00:06:14.853] [Server thread/INFO] [net.minecraft.world.entity.LivingEntity/]: Named entity RestlessSpiritEntity['Lvl 1 | mobs.born_in_chaos_v1_restless_spirit | ❤ 0/11'/5926, l='ServerLevel[world/DIM-1]', x=178.48, y=75.39, z=1387.93] died: Lvl 1 | mobs.born_in_chaos_v1_restless_spirit | ❤ 0/11 was shot by Luisitoazp10
[02Dec2024 00:06:19.951] [Server thread/INFO] [net.minecraft.world.entity.LivingEntity/]: Named entity DecrepitSkeletonEntity['Lvl 1 | mobs.born_in_chaos_v1_decrepit_skeleton | ❤ 0/7'/6064, l='ServerLevel[world/DIM-1]', x=191.81, y=72.88, z=1405.81] died: Lvl 1 | mobs.born_in_chaos_v1_decrepit_skeleton | ❤ 0/7 was shot by Luisitoazp10
[02Dec2024 00:06:32.851] [Server thread/INFO] [net.minecraft.world.entity.LivingEntity/]: Named entity RestlessSpiritEntity['Lvl 1 | mobs.born_in_chaos_v1_restless_spirit | ❤ 0/11'/6280, l='ServerLevel[world/DIM-1]', x=179.73, y=74.74, z=1424.39] died: Lvl 1 | mobs.born_in_chaos_v1_restless_spirit | ❤ 0/11 was shot by Luisitoazp10
[02Dec2024 00:06:34.503] [Server thread/INFO] [net.minecraft.world.entity.LivingEntity/]: Named entity Succubus['Lvl 1 | mobs.grimoireofgaia_succubus | ❤ 0/18'/6222, l='ServerLevel[world/DIM-1]', x=185.01, y=73.00, z=1422.50] died: Lvl 1 | mobs.grimoireofgaia_succubus | ❤ 0/18 was shot by Luisitoazp10
[02Dec2024 00:06:38.003] [Server thread/INFO] [net.minecraft.world.entity.LivingEntity/]: Named entity Succubus['Lvl 1 | mobs.grimoireofgaia_succubus | ❤ 0/18'/6223, l='ServerLevel[world/DIM-1]', x=180.68, y=73.00, z=1424.34] died: Lvl 1 | mobs.grimoireofgaia_succubus | ❤ 0/18 was shot by Luisitoazp10
[02Dec2024 00:06:40.156] [Server thread/INFO] [net.minecraft.world.entity.LivingEntity/]: Named entity Skeleton['Lvl 1 | Skeleton | ❤ 0/9'/6061, l='ServerLevel[world/DIM-1]', x=166.53, y=74.00, z=1424.47] died: Lvl 1 | Skeleton | ❤ 0/9 was shot by Luisitoazp10
[02Dec2024 00:06:42.514] [Server thread/INFO] [net.minecraft.world.entity.LivingEntity/]: Named entity Succubus['Lvl 1 | mobs.grimoireofgaia_succubus | ❤ 0/18'/6341, l='ServerLevel[world/DIM-1]', x=171.63, y=72.88, z=1438.37] died: Lvl 1 | mobs.grimoireofgaia_succubus | ❤ 0/18 was shot by Luisitoazp10
[02Dec2024 00:06:46.202] [Server thread/INFO] [net.minecraft.world.entity.LivingEntity/]: Named entity Succubus['Lvl 1 | mobs.grimoireofgaia_succubus | ❤ 0/18'/6340, l='ServerLevel[world/DIM-1]', x=177.27, y=73.00, z=1437.71] died: Lvl 1 | mobs.grimoireofgaia_succubus | ❤ 0/18 was shot by Luisitoazp10
[02Dec2024 00:06:54.752] [Server thread/INFO] [net.minecraft.world.entity.LivingEntity/]: Named entity WitherCow['Lvl 1 | mobs.grimoireofgaia_wither_cow | ❤ 0/18'/6073, l='ServerLevel[world/DIM-1]', x=179.07, y=74.00, z=1416.93] died: Lvl 1 | mobs.grimoireofgaia_wither_cow | ❤ 0/18 was shot by Luisitoazp10
[02Dec2024 00:07:21.845] [Server thread/INFO] [net.minecraft.world.entity.LivingEntity/]: Named entity Bat['Bat  2 / 6'/6237, l='ServerLevel[world]', x=1649.15, y=-9.75, z=10577.91] died: Bat  2 / 6 tried to swim in lava
[02Dec2024 00:07:47.242] [Server thread/INFO] [net.minecraft.world.entity.LivingEntity/]: Named entity Axolotl['Axolotl  1 / 14'/5689, l='ServerLevel[world]', x=1558.63, y=2.00, z=10628.63] died: Axolotl  1 / 14 discovered the floor was lava
[02Dec2024 00:08:00.345] [Server thread/INFO] [net.minecraft.world.entity.LivingEntity/]: Named entity SkeletonThrasherEntity['Lvl 1 | mobs.born_in_chaos_v1_skeleton_thrasher | ❤ 0/22'/6530, l='ServerLevel[world/DIM-1]', x=183.50, y=73.00, z=1489.50] died: Lvl 1 | mobs.born_in_chaos_v1_skeleton_thrasher | ❤ 0/22 was shot by Luisitoazp10
[02Dec2024 00:08:06.342] [Server thread/INFO] [net.minecraft.world.entity.LivingEntity/]: Named entity GlowSquid['GlowSquid  2 / 10'/6695, l='ServerLevel[world]', x=1519.47, y=5.19, z=10638.60] died: GlowSquid  2 / 10 was slain by Axolotl  2 / 14
[02Dec2024 00:08:12.159] [Server thread/INFO] [net.minecraft.world.entity.LivingEntity/]: Named entity BabySkeletonEntity['Lvl 1 | mobs.born_in_chaos_v1_baby_skeleton | ❤ 0/4'/6432, l='ServerLevel[world/DIM-1]', x=178.81, y=75.88, z=1504.98] died: Lvl 1 | mobs.born_in_chaos_v1_baby_skeleton | ❤ 0/4 was shot by Luisitoazp10
[02Dec2024 00:08:14.052] [Server thread/INFO] [net.minecraft.world.entity.LivingEntity/]: Named entity Succubus['Lvl 1 | mobs.grimoireofgaia_succubus | ❤ 0/18'/6589, l='ServerLevel[world/DIM-1]', x=179.45, y=74.88, z=1503.87] died: Lvl 1 | mobs.grimoireofgaia_succubus | ❤ 0/18 was shot by Luisitoazp10
[02Dec2024 00:08:17.802] [Server thread/INFO] [net.minecraft.world.entity.LivingEntity/]: Named entity Succubus['Lvl 1 | mobs.grimoireofgaia_succubus | ❤ 0/18'/6590, l='ServerLevel[world/DIM-1]', x=179.56, y=75.00, z=1503.29] died: Lvl 1 | mobs.grimoireofgaia_succubus | ❤ 0/18 was shot by Luisitoazp10
[02Dec2024 00:08:20.044] [Server thread/INFO] [net.minecraft.world.entity.LivingEntity/]: Named entity DirewolfEntity['Lvl 1 | mobs.enemyexpansion_direwolf | ❤ 0/64'/6668, l='ServerLevel[world]', x=1601.50, y=13.00, z=10546.50] died: Lvl 1 | mobs.enemyexpansion_direwolf | ❤ 0/64 suffocated in a wall
[02Dec2024 00:08:20.744] [Server thread/INFO] [net.minecraft.world.entity.LivingEntity/]: Named entity GlowSquid['GlowSquid  2 / 10'/6694, l='ServerLevel[world]', x=1533.50, y=5.78, z=10622.57] died: GlowSquid  2 / 10 was slain by Axolotl  2 / 14
[02Dec2024 00:08:27.809] [Server thread/INFO] [net.minecraft.world.entity.LivingEntity/]: Named entity Succubus['Lvl 1 | mobs.grimoireofgaia_succubus | ❤ 0/18'/6407, l='ServerLevel[world/DIM-1]', x=156.33, y=82.88, z=1516.67] died: Lvl 1 | mobs.grimoireofgaia_succubus | ❤ 0/18 was shot by Luisitoazp10
[02Dec2024 00:08:32.295] [Server thread/INFO] [net.minecraft.world.entity.LivingEntity/]: Named entity Bat['Bat  2 / 6'/6917, l='ServerLevel[world]', x=1662.14, y=2.20, z=10548.36] died: Bat  2 / 6 tried to swim in lava
[02Dec2024 00:08:48.009] [Server thread/INFO] [net.minecraft.world.entity.LivingEntity/]: Named entity EnderMan['Lvl 1 | Enderman | ❤ 0/18'/6527, l='ServerLevel[world/DIM-1]', x=155.37, y=83.46, z=1514.61] died: Lvl 1 | Enderman | ❤ 0/18 was slain by Luisitoazp10 ||||||||||
[02Dec2024 00:09:09.255] [Server thread/INFO] [net.minecraft.world.entity.LivingEntity/]: Named entity Succubus['Lvl 1 | mobs.grimoireofgaia_succubus | ❤ 0/18'/6774, l='ServerLevel[world/DIM-1]', x=154.40, y=82.88, z=1513.69] died: Lvl 1 | mobs.grimoireofgaia_succubus | ❤ 0/18 was slain by Luisitoazp10 ||||||||||
[02Dec2024 00:09:09.662] [Server thread/INFO] [net.minecraft.world.entity.LivingEntity/]: Named entity Succubus['Lvl 1 | mobs.grimoireofgaia_succubus | ❤ 0/18'/6775, l='ServerLevel[world/DIM-1]', x=154.55, y=82.88, z=1514.91] died: Lvl 1 | mobs.grimoireofgaia_succubus | ❤ 0/18 was slain by Luisitoazp10 ||||||||||
[02Dec2024 00:09:11.591] [Server thread/INFO] [net.minecraft.world.entity.LivingEntity/]: Named entity GlowSquid['GlowSquid  2 / 10'/6697, l='ServerLevel[world]', x=1527.83, y=17.80, z=10624.48] died: GlowSquid  2 / 10 was slain by Axolotl - 8 / 14 57%
[02Dec2024 00:09:40.492] [Server thread/INFO] [net.minecraft.world.entity.LivingEntity/]: Named entity Axolotl['Axolotl  1 / 14'/1173, l='ServerLevel[world]', x=1528.71, y=8.00, z=10617.25] died: Axolotl  1 / 14 discovered the floor was lava
[02Dec2024 00:09:49.309] [Server thread/INFO] [net.minecraft.world.entity.LivingEntity/]: Named entity Piglin['Piglin  2 / 16'/6036, l='ServerLevel[world/DIM-1]', x=142.70, y=80.58, z=1526.53] died: Piglin  2 / 16 was slain by Luisitoazp10
[02Dec2024 00:10:11.405] [Server thread/INFO] [net.minecraft.server.MinecraftServer/]: Luisitoazp10 has made the advancement [War Pigs]
[02Dec2024 00:10:23.791] [Server thread/INFO] [net.minecraft.world.entity.LivingEntity/]: Named entity Axolotl['Axolotl  1 / 14'/5688, l='ServerLevel[world]', x=1529.56, y=8.00, z=10616.51] died: Axolotl  1 / 14 discovered the floor was lava
[02Dec2024 00:10:27.678] [Server thread/INFO] [net.minecraft.server.MinecraftServer/]: Luisitoazp10 has made the advancement [Hidden in the Depths]
[02Dec2024 00:11:10.096] [Server thread/INFO] [net.minecraft.world.entity.LivingEntity/]: Named entity Skeleton['Lvl 1 | Skeleton | ❤ 0/66'/7630, l='ServerLevel[world]', x=1574.76, y=7.00, z=10493.75] died: Lvl 1 | Skeleton | ❤ 0/66 was slain by [Lvl.241] Epic Born In Chaos V1 Dread Hound - 145 / 145 100% - 40 / 63 62%
[02Dec2024 00:11:25.346] [Server thread/INFO] [net.minecraft.world.entity.LivingEntity/]: Named entity Bat['Bat  1 / 6'/7647, l='ServerLevel[world]', x=1656.69, y=8.63, z=10548.49] died: Bat  1 / 6 burned to death
[02Dec2024 00:11:42.842] [Server thread/INFO] [net.minecraft.world.entity.LivingEntity/]: Named entity Axolotl['Axolotl  1 / 14'/209, l='ServerLevel[world]', x=1528.14, y=8.00, z=10617.49] died: Axolotl  1 / 14 discovered the floor was lava
[02Dec2024 00:11:42.994] [Server thread/INFO] [net.minecraft.world.entity.LivingEntity/]: Named entity Bat['Bat  3 / 6'/7733, l='ServerLevel[world]', x=1635.21, y=2.64, z=10561.43] died: Bat  3 / 6 was eaten by a Dusktrap
[02Dec2024 00:12:10.898] [Server thread/INFO] [net.minecraft.world.entity.LivingEntity/]: Named entity HuntsmanEntity['Lvl 1 | mobs.enemyexpansion_huntsman | ❤ 0/73'/6478, l='ServerLevel[world]', x=1543.77, y=66.00, z=10544.03] died: Lvl 1 | mobs.enemyexpansion_huntsman | ❤ 0/73 was slain by [Lvl.242] Epic Enemyexpansion Direwolf - 147 / 147 100%  13 / 64
